Sun 10 Dec 2023 02:34:27 INFO  ['main.py', '--config-file', 'transformer_based/CORE.yaml']
Sun 10 Dec 2023 02:34:27 INFO  
General Hyper Parameters:
gpu_id = 0
use_gpu = True
seed = 2020
state = INFO
reproducibility = True
data_path = ./dataset/discovery
checkpoint_dir = saved
show_progress = True
save_dataset = False
dataset_save_path = None
save_dataloaders = False
dataloaders_save_path = None
log_wandb = False

Training Hyper Parameters:
epochs = 100
train_batch_size = 1024
learner = adam
learning_rate = 0.001
train_neg_sample_args = {'distribution': 'none', 'sample_num': 'none', 'alpha': 'none', 'dynamic': False, 'candidate_num': 0}
eval_step = 1
stopping_step = 10
clip_grad_norm = None
weight_decay = 0.0
loss_decimal_place = 4

Evaluation Hyper Parameters:
eval_args = {'split': {'RS': [0.8, 0.1, 0.1]}, 'order': 'TO', 'group_by': 'user', 'mode': {'valid': 'full', 'test': 'full'}, 'groupby': 'user'}
repeatable = True
metrics = ['Recall', 'MRR', 'NDCG', 'Hit', 'Precision']
topk = [10]
valid_metric = MRR@10
valid_metric_bigger = True
eval_batch_size = 2048
metric_decimal_place = 4

Dataset Hyper Parameters:
field_separator = 	
seq_separator =  
USER_ID_FIELD = user_id
ITEM_ID_FIELD = item_id
RATING_FIELD = rating
TIME_FIELD = timestamp
seq_len = None
LABEL_FIELD = label
threshold = None
NEG_PREFIX = neg_
load_col = {'inter': ['user_id', 'item_id', 'rating', 'timestamp'], 'item': ['item_id', 'genre']}
unload_col = None
unused_col = None
additional_feat_suffix = None
rm_dup_inter = None
val_interval = None
filter_inter_by_user_or_item = True
user_inter_num_interval = [10, inf)
item_inter_num_interval = [20, inf)
alias_of_user_id = None
alias_of_item_id = None
alias_of_entity_id = None
alias_of_relation_id = None
preload_weight = None
normalize_field = None
normalize_all = None
ITEM_LIST_LENGTH_FIELD = item_length
LIST_SUFFIX = _list
MAX_ITEM_LIST_LENGTH = 50
POSITION_FIELD = position_id
HEAD_ENTITY_ID_FIELD = head_id
TAIL_ENTITY_ID_FIELD = tail_id
RELATION_ID_FIELD = relation_id
ENTITY_ID_FIELD = entity_id
benchmark_filename = None

Other Hyper Parameters: 
worker = 0
wandb_project = recbole
shuffle = True
require_pow = False
enable_amp = False
enable_scaler = False
transform = None
embedding_size = 64
inner_size = 256
n_layers = 2
n_heads = 2
hidden_dropout_prob = 0.5
attn_dropout_prob = 0.5
hidden_act = gelu
layer_norm_eps = 1e-12
initializer_range = 0.02
loss_type = CE
dnn_type = trm
sess_dropout = 0.2
item_dropout = 0.2
temperature = 0.07
numerical_features = []
discretization = None
kg_reverse_r = False
entity_kg_num_interval = [0,inf)
relation_kg_num_interval = [0,inf)
MODEL_TYPE = ModelType.SEQUENTIAL
MODEL_INPUT_TYPE = InputType.POINTWISE
eval_type = EvaluatorType.RANKING
single_spec = True
local_rank = 0
device = cuda
valid_neg_sample_args = {'distribution': 'uniform', 'sample_num': 'none'}
test_neg_sample_args = {'distribution': 'uniform', 'sample_num': 'none'}


Sun 10 Dec 2023 02:34:31 INFO  discovery
The number of users: 11281
Average actions of users: 23.533510638297873
The number of items: 5739
Average actions of items: 46.26315789473684
The number of inters: 265458
The sparsity of the dataset: 99.58997343580583%
Remain Fields: ['user_id', 'item_id', 'timestamp']
Sun 10 Dec 2023 02:34:35 INFO  [Training]: train_batch_size = [1024] train_neg_sample_args: [{'distribution': 'none', 'sample_num': 'none', 'alpha': 'none', 'dynamic': False, 'candidate_num': 0}]
Sun 10 Dec 2023 02:34:35 INFO  [Evaluation]: eval_batch_size = [2048] eval_args: [{'split': {'RS': [0.8, 0.1, 0.1]}, 'order': 'TO', 'group_by': 'user', 'mode': {'valid': 'full', 'test': 'full'}, 'groupby': 'user'}]
Sun 10 Dec 2023 02:34:36 INFO  CORE(
  (sess_dropout): Dropout(p=0.2, inplace=False)
  (item_dropout): Dropout(p=0.2, inplace=False)
  (item_embedding): Embedding(5739, 64, padding_idx=0)
  (net): TransNet(
    (position_embedding): Embedding(50, 64)
    (trm_encoder): TransformerEncoder(
      (layer): ModuleList(
        (0-1): 2 x TransformerLayer(
          (multi_head_attention): MultiHeadAttention(
            (query): Linear(in_features=64, out_features=64, bias=True)
            (key): Linear(in_features=64, out_features=64, bias=True)
            (value): Linear(in_features=64, out_features=64, bias=True)
            (softmax): Softmax(dim=-1)
            (attn_dropout): Dropout(p=0.5, inplace=False)
            (dense): Linear(in_features=64, out_features=64, bias=True)
            (LayerNorm): LayerNorm((64,), eps=1e-12, elementwise_affine=True)
            (out_dropout): Dropout(p=0.5, inplace=False)
          )
          (feed_forward): FeedForward(
            (dense_1): Linear(in_features=64, out_features=256, bias=True)
            (dense_2): Linear(in_features=256, out_features=64, bias=True)
            (LayerNorm): LayerNorm((64,), eps=1e-12, elementwise_affine=True)
            (dropout): Dropout(p=0.5, inplace=False)
          )
        )
      )
    )
    (LayerNorm): LayerNorm((64,), eps=1e-12, elementwise_affine=True)
    (dropout): Dropout(p=0.5, inplace=False)
    (fn): Linear(in_features=64, out_features=1, bias=True)
  )
  (loss_fct): CrossEntropyLoss()
)
Trainable parameters: 470657
Sun 10 Dec 2023 02:34:36 INFO  FLOPs: 4986664.0
Sun 10 Dec 2023 02:34:36 INFO  Time: 0.2416548728942871
Sun 10 Dec 2023 02:34:58 INFO  epoch 0 training [time: 21.91s, train loss: 2097.8872]
Sun 10 Dec 2023 02:34:59 INFO  epoch 0 evaluating [time: 0.73s, valid_score: 0.002400]
Sun 10 Dec 2023 02:34:59 INFO  valid result: 
recall@10 : 0.0071    mrr@10 : 0.0024    ndcg@10 : 0.0034    hit@10 : 0.0071    precision@10 : 0.0007
Sun 10 Dec 2023 02:34:59 INFO  Saving current: saved/CORE-Dec-10-2023_02-34-36.pth
Sun 10 Dec 2023 02:35:20 INFO  epoch 1 training [time: 21.37s, train loss: 1922.4060]
Sun 10 Dec 2023 02:35:21 INFO  epoch 1 evaluating [time: 0.67s, valid_score: 0.006000]
Sun 10 Dec 2023 02:35:21 INFO  valid result: 
recall@10 : 0.016    mrr@10 : 0.006    ndcg@10 : 0.0083    hit@10 : 0.016    precision@10 : 0.0016
Sun 10 Dec 2023 02:35:21 INFO  Saving current: saved/CORE-Dec-10-2023_02-34-36.pth
Sun 10 Dec 2023 02:35:44 INFO  epoch 2 training [time: 22.44s, train loss: 1775.1453]
Sun 10 Dec 2023 02:35:44 INFO  epoch 2 evaluating [time: 0.77s, valid_score: 0.006400]
Sun 10 Dec 2023 02:35:44 INFO  valid result: 
recall@10 : 0.0174    mrr@10 : 0.0064    ndcg@10 : 0.0089    hit@10 : 0.0174    precision@10 : 0.0017
Sun 10 Dec 2023 02:35:44 INFO  Saving current: saved/CORE-Dec-10-2023_02-34-36.pth
Sun 10 Dec 2023 02:36:09 INFO  epoch 3 training [time: 24.17s, train loss: 1685.9350]
Sun 10 Dec 2023 02:36:09 INFO  epoch 3 evaluating [time: 0.76s, valid_score: 0.007200]
Sun 10 Dec 2023 02:36:09 INFO  valid result: 
recall@10 : 0.0186    mrr@10 : 0.0072    ndcg@10 : 0.0099    hit@10 : 0.0186    precision@10 : 0.0019
Sun 10 Dec 2023 02:36:09 INFO  Saving current: saved/CORE-Dec-10-2023_02-34-36.pth
Sun 10 Dec 2023 02:36:33 INFO  epoch 4 training [time: 23.21s, train loss: 1631.1971]
Sun 10 Dec 2023 02:36:33 INFO  epoch 4 evaluating [time: 0.66s, valid_score: 0.007300]
Sun 10 Dec 2023 02:36:33 INFO  valid result: 
recall@10 : 0.0196    mrr@10 : 0.0073    ndcg@10 : 0.0101    hit@10 : 0.0196    precision@10 : 0.002
Sun 10 Dec 2023 02:36:33 INFO  Saving current: saved/CORE-Dec-10-2023_02-34-36.pth
Sun 10 Dec 2023 02:36:55 INFO  epoch 5 training [time: 22.08s, train loss: 1596.0438]
Sun 10 Dec 2023 02:36:56 INFO  epoch 5 evaluating [time: 0.67s, valid_score: 0.007500]
Sun 10 Dec 2023 02:36:56 INFO  valid result: 
recall@10 : 0.0203    mrr@10 : 0.0075    ndcg@10 : 0.0104    hit@10 : 0.0203    precision@10 : 0.002
Sun 10 Dec 2023 02:36:56 INFO  Saving current: saved/CORE-Dec-10-2023_02-34-36.pth
Sun 10 Dec 2023 02:37:18 INFO  epoch 6 training [time: 22.18s, train loss: 1571.3776]
Sun 10 Dec 2023 02:37:19 INFO  epoch 6 evaluating [time: 0.70s, valid_score: 0.007600]
Sun 10 Dec 2023 02:37:19 INFO  valid result: 
recall@10 : 0.0209    mrr@10 : 0.0076    ndcg@10 : 0.0107    hit@10 : 0.0209    precision@10 : 0.0021
Sun 10 Dec 2023 02:37:19 INFO  Saving current: saved/CORE-Dec-10-2023_02-34-36.pth
Sun 10 Dec 2023 02:37:40 INFO  epoch 7 training [time: 21.43s, train loss: 1553.9771]
Sun 10 Dec 2023 02:37:41 INFO  epoch 7 evaluating [time: 0.69s, valid_score: 0.007700]
Sun 10 Dec 2023 02:37:41 INFO  valid result: 
recall@10 : 0.0216    mrr@10 : 0.0077    ndcg@10 : 0.0109    hit@10 : 0.0216    precision@10 : 0.0022
Sun 10 Dec 2023 02:37:41 INFO  Saving current: saved/CORE-Dec-10-2023_02-34-36.pth
Sun 10 Dec 2023 02:38:03 INFO  epoch 8 training [time: 21.98s, train loss: 1539.1392]
Sun 10 Dec 2023 02:38:04 INFO  epoch 8 evaluating [time: 0.67s, valid_score: 0.007800]
Sun 10 Dec 2023 02:38:04 INFO  valid result: 
recall@10 : 0.0218    mrr@10 : 0.0078    ndcg@10 : 0.011    hit@10 : 0.0218    precision@10 : 0.0022
Sun 10 Dec 2023 02:38:04 INFO  Saving current: saved/CORE-Dec-10-2023_02-34-36.pth
Sun 10 Dec 2023 02:38:26 INFO  epoch 9 training [time: 22.27s, train loss: 1528.9428]
Sun 10 Dec 2023 02:38:27 INFO  epoch 9 evaluating [time: 0.73s, valid_score: 0.008100]
Sun 10 Dec 2023 02:38:27 INFO  valid result: 
recall@10 : 0.0227    mrr@10 : 0.0081    ndcg@10 : 0.0115    hit@10 : 0.0227    precision@10 : 0.0023
Sun 10 Dec 2023 02:38:27 INFO  Saving current: saved/CORE-Dec-10-2023_02-34-36.pth
Sun 10 Dec 2023 02:38:49 INFO  epoch 10 training [time: 22.02s, train loss: 1520.8240]
Sun 10 Dec 2023 02:38:49 INFO  epoch 10 evaluating [time: 0.71s, valid_score: 0.008000]
Sun 10 Dec 2023 02:38:49 INFO  valid result: 
recall@10 : 0.0217    mrr@10 : 0.008    ndcg@10 : 0.0111    hit@10 : 0.0217    precision@10 : 0.0022
Sun 10 Dec 2023 02:39:13 INFO  epoch 11 training [time: 23.17s, train loss: 1512.3816]
Sun 10 Dec 2023 02:39:13 INFO  epoch 11 evaluating [time: 0.75s, valid_score: 0.008200]
Sun 10 Dec 2023 02:39:13 INFO  valid result: 
recall@10 : 0.0234    mrr@10 : 0.0082    ndcg@10 : 0.0116    hit@10 : 0.0234    precision@10 : 0.0023
Sun 10 Dec 2023 02:39:13 INFO  Saving current: saved/CORE-Dec-10-2023_02-34-36.pth
Sun 10 Dec 2023 02:39:36 INFO  epoch 12 training [time: 22.70s, train loss: 1507.0403]
Sun 10 Dec 2023 02:39:37 INFO  epoch 12 evaluating [time: 0.67s, valid_score: 0.008600]
Sun 10 Dec 2023 02:39:37 INFO  valid result: 
recall@10 : 0.0235    mrr@10 : 0.0086    ndcg@10 : 0.012    hit@10 : 0.0235    precision@10 : 0.0024
Sun 10 Dec 2023 02:39:37 INFO  Saving current: saved/CORE-Dec-10-2023_02-34-36.pth
Sun 10 Dec 2023 02:39:59 INFO  epoch 13 training [time: 21.95s, train loss: 1502.0314]
Sun 10 Dec 2023 02:39:59 INFO  epoch 13 evaluating [time: 0.67s, valid_score: 0.008300]
Sun 10 Dec 2023 02:39:59 INFO  valid result: 
recall@10 : 0.0234    mrr@10 : 0.0083    ndcg@10 : 0.0118    hit@10 : 0.0234    precision@10 : 0.0023
Sun 10 Dec 2023 02:40:22 INFO  epoch 14 training [time: 22.48s, train loss: 1497.2997]
Sun 10 Dec 2023 02:40:23 INFO  epoch 14 evaluating [time: 0.89s, valid_score: 0.008900]
Sun 10 Dec 2023 02:40:23 INFO  valid result: 
recall@10 : 0.0251    mrr@10 : 0.0089    ndcg@10 : 0.0126    hit@10 : 0.0251    precision@10 : 0.0025
Sun 10 Dec 2023 02:40:23 INFO  Saving current: saved/CORE-Dec-10-2023_02-34-36.pth
Sun 10 Dec 2023 02:40:46 INFO  epoch 15 training [time: 23.10s, train loss: 1493.1905]
Sun 10 Dec 2023 02:40:47 INFO  epoch 15 evaluating [time: 0.77s, valid_score: 0.008900]
Sun 10 Dec 2023 02:40:47 INFO  valid result: 
recall@10 : 0.0247    mrr@10 : 0.0089    ndcg@10 : 0.0125    hit@10 : 0.0247    precision@10 : 0.0025
Sun 10 Dec 2023 02:40:47 INFO  Saving current: saved/CORE-Dec-10-2023_02-34-36.pth
Sun 10 Dec 2023 02:41:09 INFO  epoch 16 training [time: 22.07s, train loss: 1491.0818]
Sun 10 Dec 2023 02:41:09 INFO  epoch 16 evaluating [time: 0.67s, valid_score: 0.009000]
Sun 10 Dec 2023 02:41:09 INFO  valid result: 
recall@10 : 0.0248    mrr@10 : 0.009    ndcg@10 : 0.0127    hit@10 : 0.0248    precision@10 : 0.0025
Sun 10 Dec 2023 02:41:09 INFO  Saving current: saved/CORE-Dec-10-2023_02-34-36.pth
Sun 10 Dec 2023 02:41:32 INFO  epoch 17 training [time: 22.15s, train loss: 1487.7302]
Sun 10 Dec 2023 02:41:32 INFO  epoch 17 evaluating [time: 0.75s, valid_score: 0.009100]
Sun 10 Dec 2023 02:41:32 INFO  valid result: 
recall@10 : 0.0255    mrr@10 : 0.0091    ndcg@10 : 0.0129    hit@10 : 0.0255    precision@10 : 0.0025
Sun 10 Dec 2023 02:41:32 INFO  Saving current: saved/CORE-Dec-10-2023_02-34-36.pth
Sun 10 Dec 2023 02:41:55 INFO  epoch 18 training [time: 22.82s, train loss: 1484.9624]
Sun 10 Dec 2023 02:41:56 INFO  epoch 18 evaluating [time: 0.74s, valid_score: 0.008900]
Sun 10 Dec 2023 02:41:56 INFO  valid result: 
recall@10 : 0.0253    mrr@10 : 0.0089    ndcg@10 : 0.0126    hit@10 : 0.0253    precision@10 : 0.0025
Sun 10 Dec 2023 02:42:18 INFO  epoch 19 training [time: 22.39s, train loss: 1483.2998]
Sun 10 Dec 2023 02:42:19 INFO  epoch 19 evaluating [time: 0.78s, valid_score: 0.009100]
Sun 10 Dec 2023 02:42:19 INFO  valid result: 
recall@10 : 0.0257    mrr@10 : 0.0091    ndcg@10 : 0.0129    hit@10 : 0.0257    precision@10 : 0.0026
Sun 10 Dec 2023 02:42:19 INFO  Saving current: saved/CORE-Dec-10-2023_02-34-36.pth
Sun 10 Dec 2023 02:42:43 INFO  epoch 20 training [time: 23.63s, train loss: 1480.5942]
Sun 10 Dec 2023 02:42:44 INFO  epoch 20 evaluating [time: 0.81s, valid_score: 0.009100]
Sun 10 Dec 2023 02:42:44 INFO  valid result: 
recall@10 : 0.0254    mrr@10 : 0.0091    ndcg@10 : 0.0129    hit@10 : 0.0254    precision@10 : 0.0025
Sun 10 Dec 2023 02:42:44 INFO  Saving current: saved/CORE-Dec-10-2023_02-34-36.pth
Sun 10 Dec 2023 02:43:07 INFO  epoch 21 training [time: 23.21s, train loss: 1479.3137]
Sun 10 Dec 2023 02:43:08 INFO  epoch 21 evaluating [time: 0.85s, valid_score: 0.009400]
Sun 10 Dec 2023 02:43:08 INFO  valid result: 
recall@10 : 0.0258    mrr@10 : 0.0094    ndcg@10 : 0.0132    hit@10 : 0.0258    precision@10 : 0.0026
Sun 10 Dec 2023 02:43:08 INFO  Saving current: saved/CORE-Dec-10-2023_02-34-36.pth
Sun 10 Dec 2023 02:43:31 INFO  epoch 22 training [time: 23.30s, train loss: 1477.0219]
Sun 10 Dec 2023 02:43:32 INFO  epoch 22 evaluating [time: 0.77s, valid_score: 0.009100]
Sun 10 Dec 2023 02:43:32 INFO  valid result: 
recall@10 : 0.0252    mrr@10 : 0.0091    ndcg@10 : 0.0128    hit@10 : 0.0252    precision@10 : 0.0025
Sun 10 Dec 2023 02:43:55 INFO  epoch 23 training [time: 23.22s, train loss: 1475.9329]
Sun 10 Dec 2023 02:43:56 INFO  epoch 23 evaluating [time: 0.76s, valid_score: 0.009500]
Sun 10 Dec 2023 02:43:56 INFO  valid result: 
recall@10 : 0.0262    mrr@10 : 0.0095    ndcg@10 : 0.0133    hit@10 : 0.0262    precision@10 : 0.0026
Sun 10 Dec 2023 02:43:56 INFO  Saving current: saved/CORE-Dec-10-2023_02-34-36.pth
Sun 10 Dec 2023 02:44:18 INFO  epoch 24 training [time: 22.38s, train loss: 1474.5952]
Sun 10 Dec 2023 02:44:19 INFO  epoch 24 evaluating [time: 0.73s, valid_score: 0.009800]
Sun 10 Dec 2023 02:44:19 INFO  valid result: 
recall@10 : 0.027    mrr@10 : 0.0098    ndcg@10 : 0.0138    hit@10 : 0.027    precision@10 : 0.0027
Sun 10 Dec 2023 02:44:19 INFO  Saving current: saved/CORE-Dec-10-2023_02-34-36.pth
Sun 10 Dec 2023 02:44:42 INFO  epoch 25 training [time: 23.16s, train loss: 1472.9315]
Sun 10 Dec 2023 02:44:43 INFO  epoch 25 evaluating [time: 0.72s, valid_score: 0.009500]
Sun 10 Dec 2023 02:44:43 INFO  valid result: 
recall@10 : 0.0262    mrr@10 : 0.0095    ndcg@10 : 0.0133    hit@10 : 0.0262    precision@10 : 0.0026
Sun 10 Dec 2023 02:45:05 INFO  epoch 26 training [time: 22.00s, train loss: 1472.1026]
Sun 10 Dec 2023 02:45:05 INFO  epoch 26 evaluating [time: 0.72s, valid_score: 0.009400]
Sun 10 Dec 2023 02:45:05 INFO  valid result: 
recall@10 : 0.0264    mrr@10 : 0.0094    ndcg@10 : 0.0133    hit@10 : 0.0264    precision@10 : 0.0026
Sun 10 Dec 2023 02:45:27 INFO  epoch 27 training [time: 21.98s, train loss: 1470.7163]
Sun 10 Dec 2023 02:45:28 INFO  epoch 27 evaluating [time: 0.73s, valid_score: 0.009600]
Sun 10 Dec 2023 02:45:28 INFO  valid result: 
recall@10 : 0.0264    mrr@10 : 0.0096    ndcg@10 : 0.0135    hit@10 : 0.0264    precision@10 : 0.0026
Sun 10 Dec 2023 02:45:51 INFO  epoch 28 training [time: 22.54s, train loss: 1469.2801]
Sun 10 Dec 2023 02:45:51 INFO  epoch 28 evaluating [time: 0.74s, valid_score: 0.010000]
Sun 10 Dec 2023 02:45:51 INFO  valid result: 
recall@10 : 0.0268    mrr@10 : 0.01    ndcg@10 : 0.0138    hit@10 : 0.0268    precision@10 : 0.0027
Sun 10 Dec 2023 02:45:51 INFO  Saving current: saved/CORE-Dec-10-2023_02-34-36.pth
Sun 10 Dec 2023 02:46:14 INFO  epoch 29 training [time: 22.98s, train loss: 1468.9090]
Sun 10 Dec 2023 02:46:15 INFO  epoch 29 evaluating [time: 0.73s, valid_score: 0.009900]
Sun 10 Dec 2023 02:46:15 INFO  valid result: 
recall@10 : 0.0268    mrr@10 : 0.0099    ndcg@10 : 0.0138    hit@10 : 0.0268    precision@10 : 0.0027
Sun 10 Dec 2023 02:46:37 INFO  epoch 30 training [time: 21.93s, train loss: 1467.5359]
Sun 10 Dec 2023 02:46:38 INFO  epoch 30 evaluating [time: 0.74s, valid_score: 0.010000]
Sun 10 Dec 2023 02:46:38 INFO  valid result: 
recall@10 : 0.027    mrr@10 : 0.01    ndcg@10 : 0.0139    hit@10 : 0.027    precision@10 : 0.0027
Sun 10 Dec 2023 02:46:38 INFO  Saving current: saved/CORE-Dec-10-2023_02-34-36.pth
Sun 10 Dec 2023 02:47:00 INFO  epoch 31 training [time: 21.95s, train loss: 1467.0417]
Sun 10 Dec 2023 02:47:01 INFO  epoch 31 evaluating [time: 0.73s, valid_score: 0.010100]
Sun 10 Dec 2023 02:47:01 INFO  valid result: 
recall@10 : 0.0274    mrr@10 : 0.0101    ndcg@10 : 0.0141    hit@10 : 0.0274    precision@10 : 0.0027
Sun 10 Dec 2023 02:47:01 INFO  Saving current: saved/CORE-Dec-10-2023_02-34-36.pth
Sun 10 Dec 2023 02:47:23 INFO  epoch 32 training [time: 21.92s, train loss: 1465.9318]
Sun 10 Dec 2023 02:47:23 INFO  epoch 32 evaluating [time: 0.73s, valid_score: 0.009800]
Sun 10 Dec 2023 02:47:23 INFO  valid result: 
recall@10 : 0.0268    mrr@10 : 0.0098    ndcg@10 : 0.0137    hit@10 : 0.0268    precision@10 : 0.0027
Sun 10 Dec 2023 02:47:45 INFO  epoch 33 training [time: 21.91s, train loss: 1464.8435]
Sun 10 Dec 2023 02:47:46 INFO  epoch 33 evaluating [time: 0.72s, valid_score: 0.009500]
Sun 10 Dec 2023 02:47:46 INFO  valid result: 
recall@10 : 0.0257    mrr@10 : 0.0095    ndcg@10 : 0.0133    hit@10 : 0.0257    precision@10 : 0.0026
Sun 10 Dec 2023 02:48:08 INFO  epoch 34 training [time: 21.93s, train loss: 1464.7144]
Sun 10 Dec 2023 02:48:09 INFO  epoch 34 evaluating [time: 0.73s, valid_score: 0.010200]
Sun 10 Dec 2023 02:48:09 INFO  valid result: 
recall@10 : 0.0272    mrr@10 : 0.0102    ndcg@10 : 0.0141    hit@10 : 0.0272    precision@10 : 0.0027
Sun 10 Dec 2023 02:48:09 INFO  Saving current: saved/CORE-Dec-10-2023_02-34-36.pth
Sun 10 Dec 2023 02:48:31 INFO  epoch 35 training [time: 22.01s, train loss: 1463.6385]
Sun 10 Dec 2023 02:48:31 INFO  epoch 35 evaluating [time: 0.74s, valid_score: 0.009500]
Sun 10 Dec 2023 02:48:31 INFO  valid result: 
recall@10 : 0.026    mrr@10 : 0.0095    ndcg@10 : 0.0133    hit@10 : 0.026    precision@10 : 0.0026
Sun 10 Dec 2023 02:48:53 INFO  epoch 36 training [time: 21.95s, train loss: 1462.9344]
Sun 10 Dec 2023 02:48:54 INFO  epoch 36 evaluating [time: 0.72s, valid_score: 0.009700]
Sun 10 Dec 2023 02:48:54 INFO  valid result: 
recall@10 : 0.0264    mrr@10 : 0.0097    ndcg@10 : 0.0135    hit@10 : 0.0264    precision@10 : 0.0026
Sun 10 Dec 2023 02:49:16 INFO  epoch 37 training [time: 21.92s, train loss: 1461.8940]
Sun 10 Dec 2023 02:49:17 INFO  epoch 37 evaluating [time: 0.72s, valid_score: 0.009800]
Sun 10 Dec 2023 02:49:17 INFO  valid result: 
recall@10 : 0.0275    mrr@10 : 0.0098    ndcg@10 : 0.0139    hit@10 : 0.0275    precision@10 : 0.0028
Sun 10 Dec 2023 02:49:39 INFO  epoch 38 training [time: 21.88s, train loss: 1461.6917]
Sun 10 Dec 2023 02:49:39 INFO  epoch 38 evaluating [time: 0.71s, valid_score: 0.010000]
Sun 10 Dec 2023 02:49:39 INFO  valid result: 
recall@10 : 0.027    mrr@10 : 0.01    ndcg@10 : 0.0139    hit@10 : 0.027    precision@10 : 0.0027
Sun 10 Dec 2023 02:50:01 INFO  epoch 39 training [time: 21.89s, train loss: 1460.3912]
Sun 10 Dec 2023 02:50:02 INFO  epoch 39 evaluating [time: 0.72s, valid_score: 0.010000]
Sun 10 Dec 2023 02:50:02 INFO  valid result: 
recall@10 : 0.0277    mrr@10 : 0.01    ndcg@10 : 0.0141    hit@10 : 0.0277    precision@10 : 0.0028
Sun 10 Dec 2023 02:50:24 INFO  epoch 40 training [time: 21.90s, train loss: 1460.1526]
Sun 10 Dec 2023 02:50:24 INFO  epoch 40 evaluating [time: 0.72s, valid_score: 0.009800]
Sun 10 Dec 2023 02:50:24 INFO  valid result: 
recall@10 : 0.0259    mrr@10 : 0.0098    ndcg@10 : 0.0135    hit@10 : 0.0259    precision@10 : 0.0026
Sun 10 Dec 2023 02:50:46 INFO  epoch 41 training [time: 21.89s, train loss: 1459.9936]
Sun 10 Dec 2023 02:50:47 INFO  epoch 41 evaluating [time: 0.71s, valid_score: 0.009900]
Sun 10 Dec 2023 02:50:47 INFO  valid result: 
recall@10 : 0.0265    mrr@10 : 0.0099    ndcg@10 : 0.0137    hit@10 : 0.0265    precision@10 : 0.0026
Sun 10 Dec 2023 02:51:09 INFO  epoch 42 training [time: 21.89s, train loss: 1459.1897]
Sun 10 Dec 2023 02:51:10 INFO  epoch 42 evaluating [time: 0.71s, valid_score: 0.009800]
Sun 10 Dec 2023 02:51:10 INFO  valid result: 
recall@10 : 0.0265    mrr@10 : 0.0098    ndcg@10 : 0.0136    hit@10 : 0.0265    precision@10 : 0.0026
Sun 10 Dec 2023 02:51:32 INFO  epoch 43 training [time: 21.92s, train loss: 1458.3820]
Sun 10 Dec 2023 02:51:32 INFO  epoch 43 evaluating [time: 0.71s, valid_score: 0.009900]
Sun 10 Dec 2023 02:51:32 INFO  valid result: 
recall@10 : 0.0257    mrr@10 : 0.0099    ndcg@10 : 0.0135    hit@10 : 0.0257    precision@10 : 0.0026
Sun 10 Dec 2023 02:51:54 INFO  epoch 44 training [time: 21.94s, train loss: 1458.0880]
Sun 10 Dec 2023 02:51:55 INFO  epoch 44 evaluating [time: 0.74s, valid_score: 0.009300]
Sun 10 Dec 2023 02:51:55 INFO  valid result: 
recall@10 : 0.0253    mrr@10 : 0.0093    ndcg@10 : 0.013    hit@10 : 0.0253    precision@10 : 0.0025
Sun 10 Dec 2023 02:52:17 INFO  epoch 45 training [time: 21.94s, train loss: 1457.3537]
Sun 10 Dec 2023 02:52:18 INFO  epoch 45 evaluating [time: 0.72s, valid_score: 0.009400]
Sun 10 Dec 2023 02:52:18 INFO  valid result: 
recall@10 : 0.0255    mrr@10 : 0.0094    ndcg@10 : 0.0131    hit@10 : 0.0255    precision@10 : 0.0026
Sun 10 Dec 2023 02:52:18 INFO  Finished training, best eval result in epoch 34
Sun 10 Dec 2023 02:52:18 INFO  Loading model structure and parameters from saved/CORE-Dec-10-2023_02-34-36.pth
Sun 10 Dec 2023 02:52:19 INFO  The running environment of this training is as follows:
+-------------+---------------+
| Environment |     Usage     |
+=============+===============+
| CPU         |    0.30 %     |
+-------------+---------------+
| GPU         | 1.46 G/3.81 G |
+-------------+---------------+
| Memory      | 3.35 G/7.62 G |
+-------------+---------------+
Sun 10 Dec 2023 02:52:19 INFO  best valid : OrderedDict([('recall@10', 0.0272), ('mrr@10', 0.0102), ('ndcg@10', 0.0141), ('hit@10', 0.0272), ('precision@10', 0.0027)])
Sun 10 Dec 2023 02:52:19 INFO  test result: OrderedDict([('recall@10', 0.0264), ('mrr@10', 0.0095), ('ndcg@10', 0.0134), ('hit@10', 0.0264), ('precision@10', 0.0026)])
