Sun 10 Dec 2023 00:54:41 INFO  ['main.py', '--config-file', 'general/DMF.yaml']
Sun 10 Dec 2023 00:54:41 INFO  
General Hyper Parameters:
gpu_id = 0
use_gpu = True
seed = 2020
state = INFO
reproducibility = True
data_path = ./dataset/ml-1m
checkpoint_dir = saved
show_progress = True
save_dataset = False
dataset_save_path = None
save_dataloaders = False
dataloaders_save_path = None
log_wandb = False

Training Hyper Parameters:
epochs = 500
train_batch_size = 2048
learner = adam
learning_rate = 0.001
train_neg_sample_args = {'distribution': 'uniform', 'sample_num': 1, 'alpha': 1.0, 'dynamic': False, 'candidate_num': 0}
eval_step = 1
stopping_step = 10
clip_grad_norm = None
weight_decay = 0.0
loss_decimal_place = 4

Evaluation Hyper Parameters:
eval_args = {'split': {'RS': [0.8, 0.1, 0.1]}, 'order': 'RO', 'group_by': 'user', 'mode': {'valid': 'full', 'test': 'full'}, 'groupby': 'user'}
repeatable = False
metrics = ['Recall', 'MRR', 'NDCG', 'Hit', 'Precision']
topk = [10]
valid_metric = NDCG@10
valid_metric_bigger = True
eval_batch_size = 2048
metric_decimal_place = 4

Dataset Hyper Parameters:
field_separator = 	
seq_separator =  
USER_ID_FIELD = user_id
ITEM_ID_FIELD = item_id
RATING_FIELD = rating
TIME_FIELD = timestamp
seq_len = None
LABEL_FIELD = label
threshold = None
NEG_PREFIX = neg_
load_col = {'inter': ['user_id', 'item_id', 'timestamp'], 'item': ['item_id', 'type']}
unload_col = None
unused_col = None
additional_feat_suffix = None
rm_dup_inter = None
val_interval = None
filter_inter_by_user_or_item = True
user_inter_num_interval = [10, inf)
item_inter_num_interval = [20, inf)
alias_of_user_id = None
alias_of_item_id = None
alias_of_entity_id = None
alias_of_relation_id = None
preload_weight = None
normalize_field = None
normalize_all = None
ITEM_LIST_LENGTH_FIELD = item_length
LIST_SUFFIX = _list
MAX_ITEM_LIST_LENGTH = 50
POSITION_FIELD = position_id
HEAD_ENTITY_ID_FIELD = head_id
TAIL_ENTITY_ID_FIELD = tail_id
RELATION_ID_FIELD = relation_id
ENTITY_ID_FIELD = entity_id
benchmark_filename = None

Other Hyper Parameters: 
worker = 0
wandb_project = recbole
shuffle = True
require_pow = False
enable_amp = False
enable_scaler = False
transform = None
inter_matrix_type = 01
user_embedding_size = 64
item_embedding_size = 64
user_hidden_size_list = [64, 64]
item_hidden_size_list = [64, 64]
embedding_size = 64
numerical_features = []
discretization = None
kg_reverse_r = False
entity_kg_num_interval = [0,inf)
relation_kg_num_interval = [0,inf)
MODEL_TYPE = ModelType.GENERAL
MODEL_INPUT_TYPE = InputType.POINTWISE
eval_type = EvaluatorType.RANKING
single_spec = True
local_rank = 0
device = cuda
valid_neg_sample_args = {'distribution': 'uniform', 'sample_num': 'none'}
test_neg_sample_args = {'distribution': 'uniform', 'sample_num': 'none'}


Sun 10 Dec 2023 00:54:41 INFO  ml-1m
The number of users: 609
Average actions of users: 111.6217105263158
The number of items: 1297
Average actions of items: 52.36574074074074
The number of inters: 67866
The sparsity of the dataset: 91.40798584076174%
Remain Fields: ['user_id', 'item_id', 'timestamp']
Sun 10 Dec 2023 00:54:41 INFO  [Training]: train_batch_size = [2048] train_neg_sample_args: [{'distribution': 'uniform', 'sample_num': 1, 'alpha': 1.0, 'dynamic': False, 'candidate_num': 0}]
Sun 10 Dec 2023 00:54:41 INFO  [Evaluation]: eval_batch_size = [2048] eval_args: [{'split': {'RS': [0.8, 0.1, 0.1]}, 'order': 'RO', 'group_by': 'user', 'mode': {'valid': 'full', 'test': 'full'}, 'groupby': 'user'}]
Sun 10 Dec 2023 00:54:41 WARNING  Max value of item's history interaction records has reached 45.1559934318555% of the total.
Sun 10 Dec 2023 00:54:42 WARNING  Max value of user's history interaction records has reached 68.61989205859676% of the total.
Sun 10 Dec 2023 00:54:42 INFO  DMF(
  (user_linear): Linear(in_features=1297, out_features=64, bias=False)
  (item_linear): Linear(in_features=609, out_features=64, bias=False)
  (user_fc_layers): MLPLayers(
    (mlp_layers): Sequential(
      (0): Dropout(p=0.0, inplace=False)
      (1): Linear(in_features=64, out_features=64, bias=True)
      (2): ReLU()
      (3): Dropout(p=0.0, inplace=False)
      (4): Linear(in_features=64, out_features=64, bias=True)
      (5): ReLU()
    )
  )
  (item_fc_layers): MLPLayers(
    (mlp_layers): Sequential(
      (0): Dropout(p=0.0, inplace=False)
      (1): Linear(in_features=64, out_features=64, bias=True)
      (2): ReLU()
      (3): Dropout(p=0.0, inplace=False)
      (4): Linear(in_features=64, out_features=64, bias=True)
      (5): ReLU()
    )
  )
  (sigmoid): Sigmoid()
  (bce_loss): BCEWithLogitsLoss()
)
Trainable parameters: 138624
Sun 10 Dec 2023 00:54:43 INFO  FLOPs: 138368.0
Sun 10 Dec 2023 00:54:43 INFO  Time: 0.23698854446411133
Sun 10 Dec 2023 00:54:43 INFO  epoch 0 training [time: 0.38s, train loss: 35.8724]
Sun 10 Dec 2023 00:54:45 INFO  epoch 0 evaluating [time: 1.10s, valid_score: 0.118100]
Sun 10 Dec 2023 00:54:45 INFO  valid result: 
recall@10 : 0.0991    mrr@10 : 0.2325    ndcg@10 : 0.1181    hit@10 : 0.4539    precision@10 : 0.0771
Sun 10 Dec 2023 00:54:45 INFO  Saving current: saved/DMF-Dec-10-2023_00-54-43.pth
Sun 10 Dec 2023 00:54:45 INFO  epoch 1 training [time: 0.39s, train loss: 35.1472]
Sun 10 Dec 2023 00:54:46 INFO  epoch 1 evaluating [time: 0.88s, valid_score: 0.113500]
Sun 10 Dec 2023 00:54:46 INFO  valid result: 
recall@10 : 0.0987    mrr@10 : 0.2138    ndcg@10 : 0.1135    hit@10 : 0.449    precision@10 : 0.0783
Sun 10 Dec 2023 00:54:46 INFO  epoch 2 training [time: 0.47s, train loss: 35.0463]
Sun 10 Dec 2023 00:54:47 INFO  epoch 2 evaluating [time: 0.85s, valid_score: 0.113200]
Sun 10 Dec 2023 00:54:47 INFO  valid result: 
recall@10 : 0.0982    mrr@10 : 0.2216    ndcg@10 : 0.1132    hit@10 : 0.449    precision@10 : 0.075
Sun 10 Dec 2023 00:54:47 INFO  epoch 3 training [time: 0.36s, train loss: 35.0745]
Sun 10 Dec 2023 00:54:48 INFO  epoch 3 evaluating [time: 0.87s, valid_score: 0.112700]
Sun 10 Dec 2023 00:54:48 INFO  valid result: 
recall@10 : 0.0976    mrr@10 : 0.2182    ndcg@10 : 0.1127    hit@10 : 0.4474    precision@10 : 0.0768
