Sun 10 Dec 2023 01:32:09 INFO  ['main.py', '--config-file', 'general/DMF.yaml']
Sun 10 Dec 2023 01:32:09 INFO  
General Hyper Parameters:
gpu_id = 0
use_gpu = True
seed = 2020
state = INFO
reproducibility = True
data_path = ./dataset/discovery
checkpoint_dir = saved
show_progress = True
save_dataset = False
dataset_save_path = None
save_dataloaders = False
dataloaders_save_path = None
log_wandb = False

Training Hyper Parameters:
epochs = 500
train_batch_size = 2048
learner = adam
learning_rate = 0.001
train_neg_sample_args = {'distribution': 'uniform', 'sample_num': 1, 'alpha': 1.0, 'dynamic': False, 'candidate_num': 0}
eval_step = 1
stopping_step = 10
clip_grad_norm = None
weight_decay = 0.0
loss_decimal_place = 4

Evaluation Hyper Parameters:
eval_args = {'split': {'RS': [0.8, 0.1, 0.1]}, 'order': 'TO', 'group_by': 'user', 'mode': {'valid': 'full', 'test': 'full'}, 'groupby': 'user'}
repeatable = False
metrics = ['Recall', 'MRR', 'NDCG', 'Hit', 'Precision']
topk = [10]
valid_metric = MRR@10
valid_metric_bigger = True
eval_batch_size = 2048
metric_decimal_place = 4

Dataset Hyper Parameters:
field_separator = 	
seq_separator =  
USER_ID_FIELD = user_id
ITEM_ID_FIELD = item_id
RATING_FIELD = rating
TIME_FIELD = timestamp
seq_len = None
LABEL_FIELD = label
threshold = None
NEG_PREFIX = neg_
load_col = {'inter': ['user_id', 'item_id', 'timestamp'], 'item': ['item_id', 'type']}
unload_col = None
unused_col = None
additional_feat_suffix = None
rm_dup_inter = None
val_interval = None
filter_inter_by_user_or_item = True
user_inter_num_interval = [10, inf)
item_inter_num_interval = [20, inf)
alias_of_user_id = None
alias_of_item_id = None
alias_of_entity_id = None
alias_of_relation_id = None
preload_weight = None
normalize_field = None
normalize_all = None
ITEM_LIST_LENGTH_FIELD = item_length
LIST_SUFFIX = _list
MAX_ITEM_LIST_LENGTH = 50
POSITION_FIELD = position_id
HEAD_ENTITY_ID_FIELD = head_id
TAIL_ENTITY_ID_FIELD = tail_id
RELATION_ID_FIELD = relation_id
ENTITY_ID_FIELD = entity_id
benchmark_filename = None

Other Hyper Parameters: 
worker = 0
wandb_project = recbole
shuffle = True
require_pow = False
enable_amp = False
enable_scaler = False
transform = None
inter_matrix_type = 01
user_embedding_size = 64
item_embedding_size = 64
user_hidden_size_list = [64, 64]
item_hidden_size_list = [64, 64]
embedding_size = 64
numerical_features = []
discretization = None
kg_reverse_r = False
entity_kg_num_interval = [0,inf)
relation_kg_num_interval = [0,inf)
MODEL_TYPE = ModelType.GENERAL
MODEL_INPUT_TYPE = InputType.POINTWISE
eval_type = EvaluatorType.RANKING
single_spec = True
local_rank = 0
device = cuda
valid_neg_sample_args = {'distribution': 'uniform', 'sample_num': 'none'}
test_neg_sample_args = {'distribution': 'uniform', 'sample_num': 'none'}


Sun 10 Dec 2023 01:32:13 INFO  discovery
The number of users: 11281
Average actions of users: 23.533510638297873
The number of items: 5739
Average actions of items: 46.26315789473684
The number of inters: 265458
The sparsity of the dataset: 99.58997343580583%
Remain Fields: ['user_id', 'item_id', 'timestamp', 'type']
Sun 10 Dec 2023 01:32:13 INFO  [Training]: train_batch_size = [2048] train_neg_sample_args: [{'distribution': 'uniform', 'sample_num': 1, 'alpha': 1.0, 'dynamic': False, 'candidate_num': 0}]
Sun 10 Dec 2023 01:32:13 INFO  [Evaluation]: eval_batch_size = [2048] eval_args: [{'split': {'RS': [0.8, 0.1, 0.1]}, 'order': 'TO', 'group_by': 'user', 'mode': {'valid': 'full', 'test': 'full'}, 'groupby': 'user'}]
Sun 10 Dec 2023 01:32:14 INFO  DMF(
  (user_linear): Linear(in_features=5739, out_features=64, bias=False)
  (item_linear): Linear(in_features=11281, out_features=64, bias=False)
  (user_fc_layers): MLPLayers(
    (mlp_layers): Sequential(
      (0): Dropout(p=0.0, inplace=False)
      (1): Linear(in_features=64, out_features=64, bias=True)
      (2): ReLU()
      (3): Dropout(p=0.0, inplace=False)
      (4): Linear(in_features=64, out_features=64, bias=True)
      (5): ReLU()
    )
  )
  (item_fc_layers): MLPLayers(
    (mlp_layers): Sequential(
      (0): Dropout(p=0.0, inplace=False)
      (1): Linear(in_features=64, out_features=64, bias=True)
      (2): ReLU()
      (3): Dropout(p=0.0, inplace=False)
      (4): Linear(in_features=64, out_features=64, bias=True)
      (5): ReLU()
    )
  )
  (sigmoid): Sigmoid()
  (bce_loss): BCEWithLogitsLoss()
)
Trainable parameters: 1105920
Sun 10 Dec 2023 01:32:15 INFO  FLOPs: 1105664.0
Sun 10 Dec 2023 01:32:15 INFO  Time: 0.19106674194335938
Sun 10 Dec 2023 01:32:17 INFO  epoch 0 training [time: 2.00s, train loss: 145.1355]
Sun 10 Dec 2023 01:32:39 INFO  epoch 0 evaluating [time: 21.71s, valid_score: 0.002200]
Sun 10 Dec 2023 01:32:39 INFO  valid result: 
recall@10 : 0.0071    mrr@10 : 0.0022    ndcg@10 : 0.003    hit@10 : 0.0136    precision@10 : 0.0014
Sun 10 Dec 2023 01:32:39 INFO  Saving current: saved/DMF-Dec-10-2023_01-32-15.pth
Sun 10 Dec 2023 01:32:41 INFO  epoch 1 training [time: 2.11s, train loss: 144.0079]
Sun 10 Dec 2023 01:33:04 INFO  epoch 1 evaluating [time: 22.58s, valid_score: 0.002000]
Sun 10 Dec 2023 01:33:04 INFO  valid result: 
recall@10 : 0.0051    mrr@10 : 0.002    ndcg@10 : 0.0024    hit@10 : 0.0097    precision@10 : 0.001
Sun 10 Dec 2023 01:33:06 INFO  epoch 2 training [time: 2.11s, train loss: 143.7826]
Sun 10 Dec 2023 01:33:28 INFO  epoch 2 evaluating [time: 22.13s, valid_score: 0.002600]
Sun 10 Dec 2023 01:33:28 INFO  valid result: 
recall@10 : 0.0077    mrr@10 : 0.0026    ndcg@10 : 0.0033    hit@10 : 0.015    precision@10 : 0.0015
Sun 10 Dec 2023 01:33:28 INFO  Saving current: saved/DMF-Dec-10-2023_01-32-15.pth
Sun 10 Dec 2023 01:33:30 INFO  epoch 3 training [time: 2.09s, train loss: 143.8688]
Sun 10 Dec 2023 01:33:53 INFO  epoch 3 evaluating [time: 22.64s, valid_score: 0.003300]
Sun 10 Dec 2023 01:33:53 INFO  valid result: 
recall@10 : 0.0085    mrr@10 : 0.0033    ndcg@10 : 0.0039    hit@10 : 0.0163    precision@10 : 0.0017
Sun 10 Dec 2023 01:33:53 INFO  Saving current: saved/DMF-Dec-10-2023_01-32-15.pth
Sun 10 Dec 2023 01:33:55 INFO  epoch 4 training [time: 2.07s, train loss: 143.8121]
Sun 10 Dec 2023 01:34:16 INFO  epoch 4 evaluating [time: 21.81s, valid_score: 0.003000]
Sun 10 Dec 2023 01:34:16 INFO  valid result: 
recall@10 : 0.0077    mrr@10 : 0.003    ndcg@10 : 0.0035    hit@10 : 0.0152    precision@10 : 0.0016
Sun 10 Dec 2023 01:34:19 INFO  epoch 5 training [time: 2.09s, train loss: 143.6894]
Sun 10 Dec 2023 01:34:41 INFO  epoch 5 evaluating [time: 22.00s, valid_score: 0.003800]
Sun 10 Dec 2023 01:34:41 INFO  valid result: 
recall@10 : 0.0095    mrr@10 : 0.0038    ndcg@10 : 0.0044    hit@10 : 0.0191    precision@10 : 0.0019
Sun 10 Dec 2023 01:34:41 INFO  Saving current: saved/DMF-Dec-10-2023_01-32-15.pth
Sun 10 Dec 2023 01:34:43 INFO  epoch 6 training [time: 2.06s, train loss: 143.7333]
Sun 10 Dec 2023 01:35:04 INFO  epoch 6 evaluating [time: 21.67s, valid_score: 0.002600]
Sun 10 Dec 2023 01:35:04 INFO  valid result: 
recall@10 : 0.0065    mrr@10 : 0.0026    ndcg@10 : 0.003    hit@10 : 0.0122    precision@10 : 0.0013
Sun 10 Dec 2023 01:35:06 INFO  epoch 7 training [time: 2.02s, train loss: 143.7465]
Sun 10 Dec 2023 01:35:28 INFO  epoch 7 evaluating [time: 21.93s, valid_score: 0.002100]
Sun 10 Dec 2023 01:35:28 INFO  valid result: 
recall@10 : 0.0053    mrr@10 : 0.0021    ndcg@10 : 0.0025    hit@10 : 0.0103    precision@10 : 0.001
Sun 10 Dec 2023 01:35:30 INFO  epoch 8 training [time: 2.15s, train loss: 143.7736]
Sun 10 Dec 2023 01:35:52 INFO  epoch 8 evaluating [time: 21.07s, valid_score: 0.003200]
Sun 10 Dec 2023 01:35:52 INFO  valid result: 
recall@10 : 0.0084    mrr@10 : 0.0032    ndcg@10 : 0.0038    hit@10 : 0.0159    precision@10 : 0.0016
Sun 10 Dec 2023 01:35:54 INFO  epoch 9 training [time: 2.06s, train loss: 143.5860]
Sun 10 Dec 2023 01:36:15 INFO  epoch 9 evaluating [time: 21.48s, valid_score: 0.001800]
Sun 10 Dec 2023 01:36:15 INFO  valid result: 
recall@10 : 0.0049    mrr@10 : 0.0018    ndcg@10 : 0.0022    hit@10 : 0.0094    precision@10 : 0.0009
Sun 10 Dec 2023 01:36:17 INFO  epoch 10 training [time: 2.11s, train loss: 142.3520]
Sun 10 Dec 2023 01:36:38 INFO  epoch 10 evaluating [time: 20.35s, valid_score: 0.004600]
Sun 10 Dec 2023 01:36:38 INFO  valid result: 
recall@10 : 0.0101    mrr@10 : 0.0046    ndcg@10 : 0.005    hit@10 : 0.0184    precision@10 : 0.0019
Sun 10 Dec 2023 01:36:38 INFO  Saving current: saved/DMF-Dec-10-2023_01-32-15.pth
Sun 10 Dec 2023 01:36:40 INFO  epoch 11 training [time: 2.08s, train loss: 140.4259]
Sun 10 Dec 2023 01:37:01 INFO  epoch 11 evaluating [time: 21.21s, valid_score: 0.006100]
Sun 10 Dec 2023 01:37:01 INFO  valid result: 
recall@10 : 0.0138    mrr@10 : 0.0061    ndcg@10 : 0.0067    hit@10 : 0.0253    precision@10 : 0.0026
Sun 10 Dec 2023 01:37:01 INFO  Saving current: saved/DMF-Dec-10-2023_01-32-15.pth
Sun 10 Dec 2023 01:37:03 INFO  epoch 12 training [time: 2.06s, train loss: 139.5692]
Sun 10 Dec 2023 01:37:25 INFO  epoch 12 evaluating [time: 21.92s, valid_score: 0.005800]
Sun 10 Dec 2023 01:37:25 INFO  valid result: 
recall@10 : 0.0134    mrr@10 : 0.0058    ndcg@10 : 0.0065    hit@10 : 0.0246    precision@10 : 0.0025
Sun 10 Dec 2023 01:37:27 INFO  epoch 13 training [time: 2.07s, train loss: 139.1980]
Sun 10 Dec 2023 01:37:48 INFO  epoch 13 evaluating [time: 20.94s, valid_score: 0.006800]
Sun 10 Dec 2023 01:37:48 INFO  valid result: 
recall@10 : 0.0139    mrr@10 : 0.0068    ndcg@10 : 0.007    hit@10 : 0.0242    precision@10 : 0.0025
Sun 10 Dec 2023 01:37:48 INFO  Saving current: saved/DMF-Dec-10-2023_01-32-15.pth
Sun 10 Dec 2023 01:37:50 INFO  epoch 14 training [time: 2.10s, train loss: 138.6154]
Sun 10 Dec 2023 01:38:12 INFO  epoch 14 evaluating [time: 22.04s, valid_score: 0.007600]
Sun 10 Dec 2023 01:38:12 INFO  valid result: 
recall@10 : 0.0149    mrr@10 : 0.0076    ndcg@10 : 0.0077    hit@10 : 0.0268    precision@10 : 0.0027
Sun 10 Dec 2023 01:38:12 INFO  Saving current: saved/DMF-Dec-10-2023_01-32-15.pth
Sun 10 Dec 2023 01:38:14 INFO  epoch 15 training [time: 2.11s, train loss: 137.8020]
Sun 10 Dec 2023 01:38:36 INFO  epoch 15 evaluating [time: 21.54s, valid_score: 0.007300]
Sun 10 Dec 2023 01:38:36 INFO  valid result: 
recall@10 : 0.0122    mrr@10 : 0.0073    ndcg@10 : 0.0068    hit@10 : 0.0219    precision@10 : 0.0022
Sun 10 Dec 2023 01:38:38 INFO  epoch 16 training [time: 2.11s, train loss: 137.1320]
Sun 10 Dec 2023 01:39:00 INFO  epoch 16 evaluating [time: 21.97s, valid_score: 0.007800]
Sun 10 Dec 2023 01:39:00 INFO  valid result: 
recall@10 : 0.0129    mrr@10 : 0.0078    ndcg@10 : 0.0074    hit@10 : 0.0215    precision@10 : 0.0022
Sun 10 Dec 2023 01:39:00 INFO  Saving current: saved/DMF-Dec-10-2023_01-32-15.pth
Sun 10 Dec 2023 01:39:02 INFO  epoch 17 training [time: 2.09s, train loss: 136.6717]
Sun 10 Dec 2023 01:39:24 INFO  epoch 17 evaluating [time: 21.98s, valid_score: 0.007700]
Sun 10 Dec 2023 01:39:24 INFO  valid result: 
recall@10 : 0.0129    mrr@10 : 0.0077    ndcg@10 : 0.0072    hit@10 : 0.022    precision@10 : 0.0022
Sun 10 Dec 2023 01:39:26 INFO  epoch 18 training [time: 2.13s, train loss: 136.2792]
Sun 10 Dec 2023 01:39:47 INFO  epoch 18 evaluating [time: 20.96s, valid_score: 0.008300]
Sun 10 Dec 2023 01:39:47 INFO  valid result: 
recall@10 : 0.0139    mrr@10 : 0.0083    ndcg@10 : 0.008    hit@10 : 0.0242    precision@10 : 0.0025
Sun 10 Dec 2023 01:39:47 INFO  Saving current: saved/DMF-Dec-10-2023_01-32-15.pth
Sun 10 Dec 2023 01:39:49 INFO  epoch 19 training [time: 2.08s, train loss: 136.0359]
Sun 10 Dec 2023 01:40:10 INFO  epoch 19 evaluating [time: 21.13s, valid_score: 0.006500]
Sun 10 Dec 2023 01:40:10 INFO  valid result: 
recall@10 : 0.011    mrr@10 : 0.0065    ndcg@10 : 0.0062    hit@10 : 0.0201    precision@10 : 0.0021
Sun 10 Dec 2023 01:40:12 INFO  epoch 20 training [time: 2.05s, train loss: 135.7409]
Sun 10 Dec 2023 01:40:33 INFO  epoch 20 evaluating [time: 20.91s, valid_score: 0.005700]
Sun 10 Dec 2023 01:40:33 INFO  valid result: 
recall@10 : 0.0095    mrr@10 : 0.0057    ndcg@10 : 0.0055    hit@10 : 0.0176    precision@10 : 0.0018
Sun 10 Dec 2023 01:40:35 INFO  epoch 21 training [time: 2.07s, train loss: 135.5333]
Sun 10 Dec 2023 01:40:57 INFO  epoch 21 evaluating [time: 21.37s, valid_score: 0.007100]
Sun 10 Dec 2023 01:40:57 INFO  valid result: 
recall@10 : 0.0108    mrr@10 : 0.0071    ndcg@10 : 0.0065    hit@10 : 0.0201    precision@10 : 0.0021
Sun 10 Dec 2023 01:40:59 INFO  epoch 22 training [time: 2.09s, train loss: 135.2750]
Sun 10 Dec 2023 01:41:20 INFO  epoch 22 evaluating [time: 21.46s, valid_score: 0.007000]
Sun 10 Dec 2023 01:41:20 INFO  valid result: 
recall@10 : 0.011    mrr@10 : 0.007    ndcg@10 : 0.0063    hit@10 : 0.02    precision@10 : 0.002
Sun 10 Dec 2023 01:41:22 INFO  epoch 23 training [time: 2.09s, train loss: 134.9034]
Sun 10 Dec 2023 01:41:43 INFO  epoch 23 evaluating [time: 20.62s, valid_score: 0.007300]
Sun 10 Dec 2023 01:41:43 INFO  valid result: 
recall@10 : 0.0113    mrr@10 : 0.0073    ndcg@10 : 0.0066    hit@10 : 0.0212    precision@10 : 0.0022
Sun 10 Dec 2023 01:41:45 INFO  epoch 24 training [time: 2.07s, train loss: 134.8084]
Sun 10 Dec 2023 01:42:06 INFO  epoch 24 evaluating [time: 21.37s, valid_score: 0.008000]
Sun 10 Dec 2023 01:42:06 INFO  valid result: 
recall@10 : 0.0122    mrr@10 : 0.008    ndcg@10 : 0.0073    hit@10 : 0.0222    precision@10 : 0.0023
Sun 10 Dec 2023 01:42:09 INFO  epoch 25 training [time: 2.09s, train loss: 134.5461]
Sun 10 Dec 2023 01:42:29 INFO  epoch 25 evaluating [time: 20.83s, valid_score: 0.007400]
Sun 10 Dec 2023 01:42:29 INFO  valid result: 
recall@10 : 0.0112    mrr@10 : 0.0074    ndcg@10 : 0.0066    hit@10 : 0.0199    precision@10 : 0.002
Sun 10 Dec 2023 01:42:31 INFO  epoch 26 training [time: 2.12s, train loss: 134.4550]
Sun 10 Dec 2023 01:42:53 INFO  epoch 26 evaluating [time: 21.31s, valid_score: 0.006500]
Sun 10 Dec 2023 01:42:53 INFO  valid result: 
recall@10 : 0.0112    mrr@10 : 0.0065    ndcg@10 : 0.0063    hit@10 : 0.0194    precision@10 : 0.002
Sun 10 Dec 2023 01:42:55 INFO  epoch 27 training [time: 2.08s, train loss: 134.2451]
Sun 10 Dec 2023 01:43:17 INFO  epoch 27 evaluating [time: 21.68s, valid_score: 0.007200]
Sun 10 Dec 2023 01:43:17 INFO  valid result: 
recall@10 : 0.0116    mrr@10 : 0.0072    ndcg@10 : 0.0068    hit@10 : 0.0204    precision@10 : 0.0021
Sun 10 Dec 2023 01:43:19 INFO  epoch 28 training [time: 2.05s, train loss: 134.0209]
Sun 10 Dec 2023 01:43:40 INFO  epoch 28 evaluating [time: 21.53s, valid_score: 0.005900]
Sun 10 Dec 2023 01:43:40 INFO  valid result: 
recall@10 : 0.0106    mrr@10 : 0.0059    ndcg@10 : 0.0059    hit@10 : 0.0176    precision@10 : 0.0018
Sun 10 Dec 2023 01:43:42 INFO  epoch 29 training [time: 2.06s, train loss: 134.0492]
Sun 10 Dec 2023 01:44:03 INFO  epoch 29 evaluating [time: 20.72s, valid_score: 0.005900]
Sun 10 Dec 2023 01:44:03 INFO  valid result: 
recall@10 : 0.0101    mrr@10 : 0.0059    ndcg@10 : 0.0057    hit@10 : 0.0176    precision@10 : 0.0018
Sun 10 Dec 2023 01:44:03 INFO  Finished training, best eval result in epoch 18
Sun 10 Dec 2023 01:44:03 INFO  Loading model structure and parameters from saved/DMF-Dec-10-2023_01-32-15.pth
Sun 10 Dec 2023 01:44:26 INFO  The running environment of this training is as follows:
+-------------+---------------+
| Environment |     Usage     |
+=============+===============+
| CPU         |    1.10 %     |
+-------------+---------------+
| GPU         | 0.26 G/3.81 G |
+-------------+---------------+
| Memory      | 3.60 G/7.62 G |
+-------------+---------------+
Sun 10 Dec 2023 01:44:26 INFO  best valid : OrderedDict([('recall@10', 0.0139), ('mrr@10', 0.0083), ('ndcg@10', 0.008), ('hit@10', 0.0242), ('precision@10', 0.0025)])
Sun 10 Dec 2023 01:44:26 INFO  test result: OrderedDict([('recall@10', 0.0146), ('mrr@10', 0.0086), ('ndcg@10', 0.0084), ('hit@10', 0.0258), ('precision@10', 0.0027)])
