Sun 10 Dec 2023 01:16:31 INFO  ['main.py', '--config-file', 'general/DMF.yaml']
Sun 10 Dec 2023 01:16:31 INFO  
General Hyper Parameters:
gpu_id = 0
use_gpu = True
seed = 2020
state = INFO
reproducibility = True
data_path = ./dataset/discovery
checkpoint_dir = saved
show_progress = True
save_dataset = False
dataset_save_path = None
save_dataloaders = False
dataloaders_save_path = None
log_wandb = False

Training Hyper Parameters:
epochs = 500
train_batch_size = 2048
learner = adam
learning_rate = 0.001
train_neg_sample_args = {'distribution': 'uniform', 'sample_num': 1, 'alpha': 1.0, 'dynamic': False, 'candidate_num': 0}
eval_step = 1
stopping_step = 10
clip_grad_norm = None
weight_decay = 0.0
loss_decimal_place = 4

Evaluation Hyper Parameters:
eval_args = {'split': {'RS': [0.8, 0.1, 0.1]}, 'order': 'RO', 'group_by': 'user', 'mode': {'valid': 'full', 'test': 'full'}, 'groupby': 'user'}
repeatable = False
metrics = ['Recall', 'MRR', 'NDCG', 'Hit', 'Precision']
topk = [10]
valid_metric = MRR@10
valid_metric_bigger = True
eval_batch_size = 2048
metric_decimal_place = 4

Dataset Hyper Parameters:
field_separator = 	
seq_separator =  
USER_ID_FIELD = user_id
ITEM_ID_FIELD = item_id
RATING_FIELD = rating
TIME_FIELD = timestamp
seq_len = None
LABEL_FIELD = label
threshold = None
NEG_PREFIX = neg_
load_col = {'inter': ['user_id', 'item_id', 'timestamp'], 'item': ['item_id', 'type']}
unload_col = None
unused_col = None
additional_feat_suffix = None
rm_dup_inter = None
val_interval = None
filter_inter_by_user_or_item = True
user_inter_num_interval = [10, inf)
item_inter_num_interval = [20, inf)
alias_of_user_id = None
alias_of_item_id = None
alias_of_entity_id = None
alias_of_relation_id = None
preload_weight = None
normalize_field = None
normalize_all = None
ITEM_LIST_LENGTH_FIELD = item_length
LIST_SUFFIX = _list
MAX_ITEM_LIST_LENGTH = 50
POSITION_FIELD = position_id
HEAD_ENTITY_ID_FIELD = head_id
TAIL_ENTITY_ID_FIELD = tail_id
RELATION_ID_FIELD = relation_id
ENTITY_ID_FIELD = entity_id
benchmark_filename = None

Other Hyper Parameters: 
worker = 0
wandb_project = recbole
shuffle = True
require_pow = False
enable_amp = False
enable_scaler = False
transform = None
inter_matrix_type = 01
user_embedding_size = 64
item_embedding_size = 64
user_hidden_size_list = [64, 64]
item_hidden_size_list = [64, 64]
embedding_size = 64
numerical_features = []
discretization = None
kg_reverse_r = False
entity_kg_num_interval = [0,inf)
relation_kg_num_interval = [0,inf)
MODEL_TYPE = ModelType.GENERAL
MODEL_INPUT_TYPE = InputType.POINTWISE
eval_type = EvaluatorType.RANKING
single_spec = True
local_rank = 0
device = cuda
valid_neg_sample_args = {'distribution': 'uniform', 'sample_num': 'none'}
test_neg_sample_args = {'distribution': 'uniform', 'sample_num': 'none'}


Sun 10 Dec 2023 01:16:49 INFO  discovery
The number of users: 43946
Average actions of users: 62.472408692684034
The number of items: 25683
Average actions of items: 106.89782727201931
The number of inters: 2745350
The sparsity of the dataset: 99.75676133192945%
Remain Fields: ['user_id', 'item_id', 'timestamp', 'type']
Sun 10 Dec 2023 01:16:55 INFO  [Training]: train_batch_size = [2048] train_neg_sample_args: [{'distribution': 'uniform', 'sample_num': 1, 'alpha': 1.0, 'dynamic': False, 'candidate_num': 0}]
Sun 10 Dec 2023 01:16:55 INFO  [Evaluation]: eval_batch_size = [2048] eval_args: [{'split': {'RS': [0.8, 0.1, 0.1]}, 'order': 'RO', 'group_by': 'user', 'mode': {'valid': 'full', 'test': 'full'}, 'groupby': 'user'}]
Sun 10 Dec 2023 01:17:01 INFO  DMF(
  (user_linear): Linear(in_features=25683, out_features=64, bias=False)
  (item_linear): Linear(in_features=43946, out_features=64, bias=False)
  (user_fc_layers): MLPLayers(
    (mlp_layers): Sequential(
      (0): Dropout(p=0.0, inplace=False)
      (1): Linear(in_features=64, out_features=64, bias=True)
      (2): ReLU()
      (3): Dropout(p=0.0, inplace=False)
      (4): Linear(in_features=64, out_features=64, bias=True)
      (5): ReLU()
    )
  )
  (item_fc_layers): MLPLayers(
    (mlp_layers): Sequential(
      (0): Dropout(p=0.0, inplace=False)
      (1): Linear(in_features=64, out_features=64, bias=True)
      (2): ReLU()
      (3): Dropout(p=0.0, inplace=False)
      (4): Linear(in_features=64, out_features=64, bias=True)
      (5): ReLU()
    )
  )
  (sigmoid): Sigmoid()
  (bce_loss): BCEWithLogitsLoss()
)
Trainable parameters: 4472896
Sun 10 Dec 2023 01:17:01 INFO  FLOPs: 4472640.0
Sun 10 Dec 2023 01:17:02 INFO  Time: 0.20532655715942383
Sun 10 Dec 2023 01:18:03 INFO  epoch 0 training [time: 61.00s, train loss: 1317.0266]
Sun 10 Dec 2023 01:19:46 INFO  epoch 0 evaluating [time: 103.47s, valid_score: 0.028700]
Sun 10 Dec 2023 01:19:46 INFO  valid result: 
recall@10 : 0.0159    mrr@10 : 0.0287    ndcg@10 : 0.0144    hit@10 : 0.072    precision@10 : 0.0083
Sun 10 Dec 2023 01:19:46 INFO  Saving current: saved/DMF-Dec-10-2023_01-17-01.pth
Sun 10 Dec 2023 01:20:47 INFO  epoch 1 training [time: 61.07s, train loss: 1248.6119]
Sun 10 Dec 2023 01:22:40 INFO  epoch 1 evaluating [time: 113.33s, valid_score: 0.034900]
Sun 10 Dec 2023 01:22:40 INFO  valid result: 
recall@10 : 0.0198    mrr@10 : 0.0349    ndcg@10 : 0.0178    hit@10 : 0.0853    precision@10 : 0.01
Sun 10 Dec 2023 01:22:41 INFO  Saving current: saved/DMF-Dec-10-2023_01-17-01.pth
Sun 10 Dec 2023 01:23:42 INFO  epoch 2 training [time: 61.73s, train loss: 1229.9594]
Sun 10 Dec 2023 01:25:28 INFO  epoch 2 evaluating [time: 106.02s, valid_score: 0.034900]
Sun 10 Dec 2023 01:25:28 INFO  valid result: 
recall@10 : 0.021    mrr@10 : 0.0349    ndcg@10 : 0.0183    hit@10 : 0.0883    precision@10 : 0.0104
Sun 10 Dec 2023 01:25:29 INFO  Saving current: saved/DMF-Dec-10-2023_01-17-01.pth
