Sun 10 Dec 2023 03:23:20 INFO  ['main.py', '--config-file', 'sequential/SASRec.yaml']
Sun 10 Dec 2023 03:23:20 INFO  
General Hyper Parameters:
gpu_id = 0
use_gpu = True
seed = 2020
state = INFO
reproducibility = True
data_path = ./dataset/ml-1m
checkpoint_dir = saved
show_progress = True
save_dataset = False
dataset_save_path = None
save_dataloaders = False
dataloaders_save_path = None
log_wandb = False

Training Hyper Parameters:
epochs = 500
train_batch_size = 1024
learner = adam
learning_rate = 0.001
train_neg_sample_args = {'distribution': 'none', 'sample_num': 'none', 'alpha': 'none', 'dynamic': False, 'candidate_num': 0}
eval_step = 1
stopping_step = 10
clip_grad_norm = None
weight_decay = 0.0
loss_decimal_place = 4

Evaluation Hyper Parameters:
eval_args = {'split': {'RS': [0.8, 0.1, 0.1]}, 'order': 'TO', 'group_by': 'user', 'mode': {'valid': 'full', 'test': 'full'}, 'groupby': 'user'}
repeatable = True
metrics = ['Recall', 'MRR', 'NDCG', 'Hit', 'Precision']
topk = [10]
valid_metric = MRR@10
valid_metric_bigger = True
eval_batch_size = 2048
metric_decimal_place = 4

Dataset Hyper Parameters:
field_separator = 	
seq_separator =  
USER_ID_FIELD = user_id
ITEM_ID_FIELD = item_id
RATING_FIELD = rating
TIME_FIELD = timestamp
seq_len = None
LABEL_FIELD = label
threshold = None
NEG_PREFIX = neg_
load_col = {'inter': ['user_id', 'item_id', 'timestamp'], 'item': ['item_id', 'type']}
unload_col = None
unused_col = None
additional_feat_suffix = None
rm_dup_inter = None
val_interval = None
filter_inter_by_user_or_item = True
user_inter_num_interval = [10, inf)
item_inter_num_interval = [20, inf)
alias_of_user_id = None
alias_of_item_id = None
alias_of_entity_id = None
alias_of_relation_id = None
preload_weight = None
normalize_field = None
normalize_all = None
ITEM_LIST_LENGTH_FIELD = item_length
LIST_SUFFIX = _list
MAX_ITEM_LIST_LENGTH = 50
POSITION_FIELD = position_id
HEAD_ENTITY_ID_FIELD = head_id
TAIL_ENTITY_ID_FIELD = tail_id
RELATION_ID_FIELD = relation_id
ENTITY_ID_FIELD = entity_id
benchmark_filename = None

Other Hyper Parameters: 
worker = 0
wandb_project = recbole
shuffle = True
require_pow = False
enable_amp = False
enable_scaler = False
transform = None
n_layers = 2
n_heads = 4
hidden_size = 64
inner_size = 256
hidden_dropout_prob = 0.5
attn_dropout_prob = 0.5
hidden_act = gelu
layer_norm_eps = 1e-12
initializer_range = 0.02
loss_type = CE
numerical_features = []
discretization = None
kg_reverse_r = False
entity_kg_num_interval = [0,inf)
relation_kg_num_interval = [0,inf)
MODEL_TYPE = ModelType.SEQUENTIAL
embedding_size = 512
MODEL_INPUT_TYPE = InputType.POINTWISE
eval_type = EvaluatorType.RANKING
single_spec = True
local_rank = 0
device = cuda
valid_neg_sample_args = {'distribution': 'uniform', 'sample_num': 'none'}
test_neg_sample_args = {'distribution': 'uniform', 'sample_num': 'none'}


Sun 10 Dec 2023 03:23:20 INFO  ml-1m
The number of users: 609
Average actions of users: 111.6217105263158
The number of items: 1297
Average actions of items: 52.36574074074074
The number of inters: 67866
The sparsity of the dataset: 91.40798584076174%
Remain Fields: ['user_id', 'item_id', 'timestamp']
Sun 10 Dec 2023 03:23:21 INFO  [Training]: train_batch_size = [1024] train_neg_sample_args: [{'distribution': 'none', 'sample_num': 'none', 'alpha': 'none', 'dynamic': False, 'candidate_num': 0}]
Sun 10 Dec 2023 03:23:21 INFO  [Evaluation]: eval_batch_size = [2048] eval_args: [{'split': {'RS': [0.8, 0.1, 0.1]}, 'order': 'TO', 'group_by': 'user', 'mode': {'valid': 'full', 'test': 'full'}, 'groupby': 'user'}]
Sun 10 Dec 2023 03:23:22 INFO  SASRec(
  (item_embedding): Embedding(1297, 64, padding_idx=0)
  (position_embedding): Embedding(50, 64)
  (trm_encoder): TransformerEncoder(
    (layer): ModuleList(
      (0-1): 2 x TransformerLayer(
        (multi_head_attention): MultiHeadAttention(
          (query): Linear(in_features=64, out_features=64, bias=True)
          (key): Linear(in_features=64, out_features=64, bias=True)
          (value): Linear(in_features=64, out_features=64, bias=True)
          (softmax): Softmax(dim=-1)
          (attn_dropout): Dropout(p=0.5, inplace=False)
          (dense): Linear(in_features=64, out_features=64, bias=True)
          (LayerNorm): LayerNorm((64,), eps=1e-12, elementwise_affine=True)
          (out_dropout): Dropout(p=0.5, inplace=False)
        )
        (feed_forward): FeedForward(
          (dense_1): Linear(in_features=64, out_features=256, bias=True)
          (dense_2): Linear(in_features=256, out_features=64, bias=True)
          (LayerNorm): LayerNorm((64,), eps=1e-12, elementwise_affine=True)
          (dropout): Dropout(p=0.5, inplace=False)
        )
      )
    )
  )
  (LayerNorm): LayerNorm((64,), eps=1e-12, elementwise_affine=True)
  (dropout): Dropout(p=0.5, inplace=False)
  (loss_fct): CrossEntropyLoss()
)
Trainable parameters: 186304
Sun 10 Dec 2023 03:23:22 INFO  FLOPs: 5013264.0
Sun 10 Dec 2023 03:23:23 INFO  Time: 0.18667173385620117
Sun 10 Dec 2023 03:23:29 INFO  epoch 0 training [time: 5.99s, train loss: 379.2402]
Sun 10 Dec 2023 03:23:29 INFO  epoch 0 evaluating [time: 0.22s, valid_score: 0.005700]
Sun 10 Dec 2023 03:23:29 INFO  valid result: 
recall@10 : 0.0195    mrr@10 : 0.0057    ndcg@10 : 0.0088    hit@10 : 0.0195    precision@10 : 0.002
Sun 10 Dec 2023 03:23:29 INFO  Saving current: saved/SASRec-Dec-10-2023_03-23-22.pth
Sun 10 Dec 2023 03:23:36 INFO  epoch 1 training [time: 6.64s, train loss: 363.3239]
Sun 10 Dec 2023 03:23:36 INFO  epoch 1 evaluating [time: 0.27s, valid_score: 0.013100]
Sun 10 Dec 2023 03:23:36 INFO  valid result: 
recall@10 : 0.0452    mrr@10 : 0.0131    ndcg@10 : 0.0205    hit@10 : 0.0452    precision@10 : 0.0045
Sun 10 Dec 2023 03:23:36 INFO  Saving current: saved/SASRec-Dec-10-2023_03-23-22.pth
Sun 10 Dec 2023 03:23:42 INFO  epoch 2 training [time: 6.11s, train loss: 346.1659]
Sun 10 Dec 2023 03:23:42 INFO  epoch 2 evaluating [time: 0.22s, valid_score: 0.022700]
Sun 10 Dec 2023 03:23:42 INFO  valid result: 
recall@10 : 0.0748    mrr@10 : 0.0227    ndcg@10 : 0.0346    hit@10 : 0.0748    precision@10 : 0.0075
Sun 10 Dec 2023 03:23:42 INFO  Saving current: saved/SASRec-Dec-10-2023_03-23-22.pth
Sun 10 Dec 2023 03:23:48 INFO  epoch 3 training [time: 6.21s, train loss: 330.9624]
Sun 10 Dec 2023 03:23:49 INFO  epoch 3 evaluating [time: 0.24s, valid_score: 0.029900]
Sun 10 Dec 2023 03:23:49 INFO  valid result: 
recall@10 : 0.0924    mrr@10 : 0.0299    ndcg@10 : 0.0443    hit@10 : 0.0924    precision@10 : 0.0092
Sun 10 Dec 2023 03:23:49 INFO  Saving current: saved/SASRec-Dec-10-2023_03-23-22.pth
Sun 10 Dec 2023 03:23:55 INFO  epoch 4 training [time: 6.43s, train loss: 322.1086]
Sun 10 Dec 2023 03:23:55 INFO  epoch 4 evaluating [time: 0.24s, valid_score: 0.035300]
Sun 10 Dec 2023 03:23:55 INFO  valid result: 
recall@10 : 0.1074    mrr@10 : 0.0353    ndcg@10 : 0.0519    hit@10 : 0.1074    precision@10 : 0.0107
Sun 10 Dec 2023 03:23:55 INFO  Saving current: saved/SASRec-Dec-10-2023_03-23-22.pth
Sun 10 Dec 2023 03:24:01 INFO  epoch 5 training [time: 6.02s, train loss: 316.2665]
Sun 10 Dec 2023 03:24:02 INFO  epoch 5 evaluating [time: 0.22s, valid_score: 0.039500]
Sun 10 Dec 2023 03:24:02 INFO  valid result: 
recall@10 : 0.117    mrr@10 : 0.0395    ndcg@10 : 0.0574    hit@10 : 0.117    precision@10 : 0.0117
Sun 10 Dec 2023 03:24:02 INFO  Saving current: saved/SASRec-Dec-10-2023_03-23-22.pth
Sun 10 Dec 2023 03:24:08 INFO  epoch 6 training [time: 6.06s, train loss: 312.0852]
Sun 10 Dec 2023 03:24:08 INFO  epoch 6 evaluating [time: 0.23s, valid_score: 0.043500]
Sun 10 Dec 2023 03:24:08 INFO  valid result: 
recall@10 : 0.124    mrr@10 : 0.0435    ndcg@10 : 0.0621    hit@10 : 0.124    precision@10 : 0.0124
Sun 10 Dec 2023 03:24:08 INFO  Saving current: saved/SASRec-Dec-10-2023_03-23-22.pth
Sun 10 Dec 2023 03:24:14 INFO  epoch 7 training [time: 6.17s, train loss: 308.0864]
Sun 10 Dec 2023 03:24:14 INFO  epoch 7 evaluating [time: 0.22s, valid_score: 0.043500]
Sun 10 Dec 2023 03:24:14 INFO  valid result: 
recall@10 : 0.1303    mrr@10 : 0.0435    ndcg@10 : 0.0635    hit@10 : 0.1303    precision@10 : 0.013
Sun 10 Dec 2023 03:24:14 INFO  Saving current: saved/SASRec-Dec-10-2023_03-23-22.pth
Sun 10 Dec 2023 03:24:20 INFO  epoch 8 training [time: 6.11s, train loss: 305.2375]
Sun 10 Dec 2023 03:24:21 INFO  epoch 8 evaluating [time: 0.23s, valid_score: 0.043700]
Sun 10 Dec 2023 03:24:21 INFO  valid result: 
recall@10 : 0.1334    mrr@10 : 0.0437    ndcg@10 : 0.0645    hit@10 : 0.1334    precision@10 : 0.0133
Sun 10 Dec 2023 03:24:21 INFO  Saving current: saved/SASRec-Dec-10-2023_03-23-22.pth
Sun 10 Dec 2023 03:24:27 INFO  epoch 9 training [time: 6.14s, train loss: 302.3538]
Sun 10 Dec 2023 03:24:27 INFO  epoch 9 evaluating [time: 0.23s, valid_score: 0.046000]
Sun 10 Dec 2023 03:24:27 INFO  valid result: 
recall@10 : 0.1409    mrr@10 : 0.046    ndcg@10 : 0.0679    hit@10 : 0.1409    precision@10 : 0.0141
Sun 10 Dec 2023 03:24:27 INFO  Saving current: saved/SASRec-Dec-10-2023_03-23-22.pth
Sun 10 Dec 2023 03:24:33 INFO  epoch 10 training [time: 5.98s, train loss: 300.7715]
Sun 10 Dec 2023 03:24:33 INFO  epoch 10 evaluating [time: 0.22s, valid_score: 0.047200]
Sun 10 Dec 2023 03:24:33 INFO  valid result: 
recall@10 : 0.142    mrr@10 : 0.0472    ndcg@10 : 0.0691    hit@10 : 0.142    precision@10 : 0.0142
Sun 10 Dec 2023 03:24:33 INFO  Saving current: saved/SASRec-Dec-10-2023_03-23-22.pth
Sun 10 Dec 2023 03:24:39 INFO  epoch 11 training [time: 6.02s, train loss: 298.4551]
Sun 10 Dec 2023 03:24:40 INFO  epoch 11 evaluating [time: 0.23s, valid_score: 0.049000]
Sun 10 Dec 2023 03:24:40 INFO  valid result: 
recall@10 : 0.1471    mrr@10 : 0.049    ndcg@10 : 0.0717    hit@10 : 0.1471    precision@10 : 0.0147
Sun 10 Dec 2023 03:24:40 INFO  Saving current: saved/SASRec-Dec-10-2023_03-23-22.pth
