Sun 10 Dec 2023 03:31:05 INFO  ['main.py', '--config-file', 'sequential/SASRec.yaml']
Sun 10 Dec 2023 03:31:05 INFO  
General Hyper Parameters:
gpu_id = 0
use_gpu = True
seed = 2020
state = INFO
reproducibility = True
data_path = ./dataset/ml-1m
checkpoint_dir = saved
show_progress = True
save_dataset = False
dataset_save_path = None
save_dataloaders = False
dataloaders_save_path = None
log_wandb = False

Training Hyper Parameters:
epochs = 500
train_batch_size = 1024
learner = adam
learning_rate = 0.001
train_neg_sample_args = {'distribution': 'uniform', 'sample_num': 1, 'alpha': 1.0, 'dynamic': False, 'candidate_num': 0}
eval_step = 1
stopping_step = 10
clip_grad_norm = None
weight_decay = 0.0
loss_decimal_place = 4

Evaluation Hyper Parameters:
eval_args = {'split': {'RS': [0.8, 0.1, 0.1]}, 'order': 'TO', 'group_by': 'user', 'mode': {'valid': 'full', 'test': 'full'}, 'groupby': 'user'}
repeatable = True
metrics = ['Recall', 'MRR', 'NDCG', 'Hit', 'Precision']
topk = [10]
valid_metric = MRR@10
valid_metric_bigger = True
eval_batch_size = 2048
metric_decimal_place = 4

Dataset Hyper Parameters:
field_separator = 	
seq_separator =  
USER_ID_FIELD = user_id
ITEM_ID_FIELD = item_id
RATING_FIELD = rating
TIME_FIELD = timestamp
seq_len = None
LABEL_FIELD = label
threshold = None
NEG_PREFIX = neg_
load_col = {'inter': ['user_id', 'item_id', 'timestamp'], 'item': ['item_id', 'type']}
unload_col = None
unused_col = None
additional_feat_suffix = None
rm_dup_inter = None
val_interval = None
filter_inter_by_user_or_item = True
user_inter_num_interval = [10, inf)
item_inter_num_interval = [20, inf)
alias_of_user_id = None
alias_of_item_id = None
alias_of_entity_id = None
alias_of_relation_id = None
preload_weight = None
normalize_field = None
normalize_all = None
ITEM_LIST_LENGTH_FIELD = item_length
LIST_SUFFIX = _list
MAX_ITEM_LIST_LENGTH = 50
POSITION_FIELD = position_id
HEAD_ENTITY_ID_FIELD = head_id
TAIL_ENTITY_ID_FIELD = tail_id
RELATION_ID_FIELD = relation_id
ENTITY_ID_FIELD = entity_id
benchmark_filename = None

Other Hyper Parameters: 
worker = 0
wandb_project = recbole
shuffle = True
require_pow = False
enable_amp = False
enable_scaler = False
transform = None
n_layers = 2
n_heads = 4
hidden_size = 64
inner_size = 256
hidden_dropout_prob = 0.5
attn_dropout_prob = 0.5
hidden_act = gelu
layer_norm_eps = 1e-12
initializer_range = 0.02
loss_type = BPR
numerical_features = []
discretization = None
kg_reverse_r = False
entity_kg_num_interval = [0,inf)
relation_kg_num_interval = [0,inf)
MODEL_TYPE = ModelType.SEQUENTIAL
embedding_size = 512
MODEL_INPUT_TYPE = InputType.PAIRWISE
eval_type = EvaluatorType.RANKING
single_spec = True
local_rank = 0
device = cuda
valid_neg_sample_args = {'distribution': 'uniform', 'sample_num': 'none'}
test_neg_sample_args = {'distribution': 'uniform', 'sample_num': 'none'}


Sun 10 Dec 2023 03:31:05 INFO  ml-1m
The number of users: 609
Average actions of users: 111.6217105263158
The number of items: 1297
Average actions of items: 52.36574074074074
The number of inters: 67866
The sparsity of the dataset: 91.40798584076174%
Remain Fields: ['user_id', 'item_id', 'timestamp']
Sun 10 Dec 2023 03:31:06 INFO  [Training]: train_batch_size = [1024] train_neg_sample_args: [{'distribution': 'uniform', 'sample_num': 1, 'alpha': 1.0, 'dynamic': False, 'candidate_num': 0}]
Sun 10 Dec 2023 03:31:06 INFO  [Evaluation]: eval_batch_size = [2048] eval_args: [{'split': {'RS': [0.8, 0.1, 0.1]}, 'order': 'TO', 'group_by': 'user', 'mode': {'valid': 'full', 'test': 'full'}, 'groupby': 'user'}]
Sun 10 Dec 2023 03:31:07 INFO  SASRec(
  (item_embedding): Embedding(1297, 64, padding_idx=0)
  (position_embedding): Embedding(50, 64)
  (trm_encoder): TransformerEncoder(
    (layer): ModuleList(
      (0-1): 2 x TransformerLayer(
        (multi_head_attention): MultiHeadAttention(
          (query): Linear(in_features=64, out_features=64, bias=True)
          (key): Linear(in_features=64, out_features=64, bias=True)
          (value): Linear(in_features=64, out_features=64, bias=True)
          (softmax): Softmax(dim=-1)
          (attn_dropout): Dropout(p=0.5, inplace=False)
          (dense): Linear(in_features=64, out_features=64, bias=True)
          (LayerNorm): LayerNorm((64,), eps=1e-12, elementwise_affine=True)
          (out_dropout): Dropout(p=0.5, inplace=False)
        )
        (feed_forward): FeedForward(
          (dense_1): Linear(in_features=64, out_features=256, bias=True)
          (dense_2): Linear(in_features=256, out_features=64, bias=True)
          (LayerNorm): LayerNorm((64,), eps=1e-12, elementwise_affine=True)
          (dropout): Dropout(p=0.5, inplace=False)
        )
      )
    )
  )
  (LayerNorm): LayerNorm((64,), eps=1e-12, elementwise_affine=True)
  (dropout): Dropout(p=0.5, inplace=False)
  (loss_fct): BPRLoss()
)
Trainable parameters: 186304
Sun 10 Dec 2023 03:31:07 INFO  FLOPs: 5013264.0
Sun 10 Dec 2023 03:31:08 INFO  Time: 0.20697283744812012
Sun 10 Dec 2023 03:31:14 INFO  epoch 0 training [time: 6.03s, train loss: 35.2618]
Sun 10 Dec 2023 03:31:14 INFO  epoch 0 evaluating [time: 0.22s, valid_score: 0.006300]
Sun 10 Dec 2023 03:31:14 INFO  valid result: 
recall@10 : 0.0207    mrr@10 : 0.0063    ndcg@10 : 0.0096    hit@10 : 0.0207    precision@10 : 0.0021
Sun 10 Dec 2023 03:31:14 INFO  Saving current: saved/SASRec-Dec-10-2023_03-31-07.pth
Sun 10 Dec 2023 03:31:20 INFO  epoch 1 training [time: 6.03s, train loss: 30.2044]
Sun 10 Dec 2023 03:31:20 INFO  epoch 1 evaluating [time: 0.22s, valid_score: 0.006200]
Sun 10 Dec 2023 03:31:20 INFO  valid result: 
recall@10 : 0.0257    mrr@10 : 0.0062    ndcg@10 : 0.0106    hit@10 : 0.0257    precision@10 : 0.0026
