Sun 10 Dec 2023 02:15:39 INFO  ['main.py', '--config-file', 'sequential/SASRec.yaml']
Sun 10 Dec 2023 02:15:39 INFO  
General Hyper Parameters:
gpu_id = 0
use_gpu = True
seed = 2020
state = INFO
reproducibility = True
data_path = ./dataset/discovery
checkpoint_dir = saved
show_progress = True
save_dataset = False
dataset_save_path = None
save_dataloaders = False
dataloaders_save_path = None
log_wandb = False

Training Hyper Parameters:
epochs = 500
train_batch_size = 1024
learner = adam
learning_rate = 0.01
train_neg_sample_args = {'distribution': 'none', 'sample_num': 'none', 'alpha': 'none', 'dynamic': False, 'candidate_num': 0}
eval_step = 1
stopping_step = 10
clip_grad_norm = None
weight_decay = 0.0
loss_decimal_place = 4

Evaluation Hyper Parameters:
eval_args = {'split': {'RS': [0.8, 0.1, 0.1]}, 'order': 'TO', 'group_by': 'user', 'mode': {'valid': 'full', 'test': 'full'}, 'groupby': 'user'}
repeatable = True
metrics = ['Recall', 'MRR', 'NDCG', 'Hit', 'Precision']
topk = [10]
valid_metric = MRR@10
valid_metric_bigger = True
eval_batch_size = 2048
metric_decimal_place = 4

Dataset Hyper Parameters:
field_separator = 	
seq_separator =  
USER_ID_FIELD = user_id
ITEM_ID_FIELD = item_id
RATING_FIELD = rating
TIME_FIELD = timestamp
seq_len = None
LABEL_FIELD = label
threshold = None
NEG_PREFIX = neg_
load_col = {'inter': ['user_id', 'item_id', 'timestamp'], 'item': ['item_id', 'type']}
unload_col = None
unused_col = None
additional_feat_suffix = None
rm_dup_inter = None
val_interval = None
filter_inter_by_user_or_item = True
user_inter_num_interval = [10, inf)
item_inter_num_interval = [20, inf)
alias_of_user_id = None
alias_of_item_id = None
alias_of_entity_id = None
alias_of_relation_id = None
preload_weight = None
normalize_field = None
normalize_all = None
ITEM_LIST_LENGTH_FIELD = item_length
LIST_SUFFIX = _list
MAX_ITEM_LIST_LENGTH = 50
POSITION_FIELD = position_id
HEAD_ENTITY_ID_FIELD = head_id
TAIL_ENTITY_ID_FIELD = tail_id
RELATION_ID_FIELD = relation_id
ENTITY_ID_FIELD = entity_id
benchmark_filename = None

Other Hyper Parameters: 
worker = 0
wandb_project = recbole
shuffle = True
require_pow = False
enable_amp = False
enable_scaler = False
transform = None
n_layers = 2
n_heads = 4
hidden_size = 64
inner_size = 256
hidden_dropout_prob = 0.5
attn_dropout_prob = 0.5
hidden_act = gelu
layer_norm_eps = 1e-12
initializer_range = 0.02
loss_type = CE
numerical_features = []
discretization = None
kg_reverse_r = False
entity_kg_num_interval = [0,inf)
relation_kg_num_interval = [0,inf)
MODEL_TYPE = ModelType.SEQUENTIAL
embedding_size = 64
MODEL_INPUT_TYPE = InputType.POINTWISE
eval_type = EvaluatorType.RANKING
single_spec = True
local_rank = 0
device = cuda
valid_neg_sample_args = {'distribution': 'uniform', 'sample_num': 'none'}
test_neg_sample_args = {'distribution': 'uniform', 'sample_num': 'none'}


Sun 10 Dec 2023 02:15:43 INFO  discovery
The number of users: 11281
Average actions of users: 23.533510638297873
The number of items: 5739
Average actions of items: 46.26315789473684
The number of inters: 265458
The sparsity of the dataset: 99.58997343580583%
Remain Fields: ['user_id', 'item_id', 'timestamp', 'type']
Sun 10 Dec 2023 02:15:47 INFO  [Training]: train_batch_size = [1024] train_neg_sample_args: [{'distribution': 'none', 'sample_num': 'none', 'alpha': 'none', 'dynamic': False, 'candidate_num': 0}]
Sun 10 Dec 2023 02:15:47 INFO  [Evaluation]: eval_batch_size = [2048] eval_args: [{'split': {'RS': [0.8, 0.1, 0.1]}, 'order': 'TO', 'group_by': 'user', 'mode': {'valid': 'full', 'test': 'full'}, 'groupby': 'user'}]
Sun 10 Dec 2023 02:15:47 INFO  SASRec(
  (item_embedding): Embedding(5739, 64, padding_idx=0)
  (position_embedding): Embedding(50, 64)
  (trm_encoder): TransformerEncoder(
    (layer): ModuleList(
      (0-1): 2 x TransformerLayer(
        (multi_head_attention): MultiHeadAttention(
          (query): Linear(in_features=64, out_features=64, bias=True)
          (key): Linear(in_features=64, out_features=64, bias=True)
          (value): Linear(in_features=64, out_features=64, bias=True)
          (softmax): Softmax(dim=-1)
          (attn_dropout): Dropout(p=0.5, inplace=False)
          (dense): Linear(in_features=64, out_features=64, bias=True)
          (LayerNorm): LayerNorm((64,), eps=1e-12, elementwise_affine=True)
          (out_dropout): Dropout(p=0.5, inplace=False)
        )
        (feed_forward): FeedForward(
          (dense_1): Linear(in_features=64, out_features=256, bias=True)
          (dense_2): Linear(in_features=256, out_features=64, bias=True)
          (LayerNorm): LayerNorm((64,), eps=1e-12, elementwise_affine=True)
          (dropout): Dropout(p=0.5, inplace=False)
        )
      )
    )
  )
  (LayerNorm): LayerNorm((64,), eps=1e-12, elementwise_affine=True)
  (dropout): Dropout(p=0.5, inplace=False)
  (loss_fct): CrossEntropyLoss()
)
Trainable parameters: 470592
Sun 10 Dec 2023 02:15:48 INFO  FLOPs: 5013264.0
Sun 10 Dec 2023 02:15:48 INFO  Time: 0.23494625091552734
Sun 10 Dec 2023 02:16:12 INFO  epoch 0 training [time: 23.38s, train loss: 1648.3914]
Sun 10 Dec 2023 02:16:12 INFO  epoch 0 evaluating [time: 0.76s, valid_score: 0.006000]
Sun 10 Dec 2023 02:16:12 INFO  valid result: 
recall@10 : 0.0191    mrr@10 : 0.006    ndcg@10 : 0.009    hit@10 : 0.0191    precision@10 : 0.0019
Sun 10 Dec 2023 02:16:12 INFO  Saving current: saved/SASRec-Dec-10-2023_02-15-48.pth
Sun 10 Dec 2023 02:16:36 INFO  epoch 1 training [time: 23.38s, train loss: 1570.3952]
Sun 10 Dec 2023 02:16:37 INFO  epoch 1 evaluating [time: 0.77s, valid_score: 0.008100]
Sun 10 Dec 2023 02:16:37 INFO  valid result: 
recall@10 : 0.0244    mrr@10 : 0.0081    ndcg@10 : 0.0118    hit@10 : 0.0244    precision@10 : 0.0024
Sun 10 Dec 2023 02:16:37 INFO  Saving current: saved/SASRec-Dec-10-2023_02-15-48.pth
Sun 10 Dec 2023 02:17:00 INFO  epoch 2 training [time: 23.40s, train loss: 1542.9782]
Sun 10 Dec 2023 02:17:01 INFO  epoch 2 evaluating [time: 0.77s, valid_score: 0.009600]
Sun 10 Dec 2023 02:17:01 INFO  valid result: 
recall@10 : 0.0268    mrr@10 : 0.0096    ndcg@10 : 0.0135    hit@10 : 0.0268    precision@10 : 0.0027
Sun 10 Dec 2023 02:17:01 INFO  Saving current: saved/SASRec-Dec-10-2023_02-15-48.pth
Sun 10 Dec 2023 02:17:24 INFO  epoch 3 training [time: 23.41s, train loss: 1526.8102]
Sun 10 Dec 2023 02:17:25 INFO  epoch 3 evaluating [time: 0.76s, valid_score: 0.011100]
Sun 10 Dec 2023 02:17:25 INFO  valid result: 
recall@10 : 0.0306    mrr@10 : 0.0111    ndcg@10 : 0.0156    hit@10 : 0.0306    precision@10 : 0.0031
Sun 10 Dec 2023 02:17:25 INFO  Saving current: saved/SASRec-Dec-10-2023_02-15-48.pth
Sun 10 Dec 2023 02:17:48 INFO  epoch 4 training [time: 23.40s, train loss: 1517.1440]
Sun 10 Dec 2023 02:17:49 INFO  epoch 4 evaluating [time: 0.79s, valid_score: 0.010600]
Sun 10 Dec 2023 02:17:49 INFO  valid result: 
recall@10 : 0.03    mrr@10 : 0.0106    ndcg@10 : 0.0151    hit@10 : 0.03    precision@10 : 0.003
Sun 10 Dec 2023 02:18:13 INFO  epoch 5 training [time: 23.42s, train loss: 1510.5434]
Sun 10 Dec 2023 02:18:13 INFO  epoch 5 evaluating [time: 0.78s, valid_score: 0.012200]
Sun 10 Dec 2023 02:18:13 INFO  valid result: 
recall@10 : 0.0335    mrr@10 : 0.0122    ndcg@10 : 0.0171    hit@10 : 0.0335    precision@10 : 0.0034
Sun 10 Dec 2023 02:18:13 INFO  Saving current: saved/SASRec-Dec-10-2023_02-15-48.pth
Sun 10 Dec 2023 02:18:37 INFO  epoch 6 training [time: 23.46s, train loss: 1505.5769]
Sun 10 Dec 2023 02:18:38 INFO  epoch 6 evaluating [time: 0.78s, valid_score: 0.011800]
Sun 10 Dec 2023 02:18:38 INFO  valid result: 
recall@10 : 0.0322    mrr@10 : 0.0118    ndcg@10 : 0.0165    hit@10 : 0.0322    precision@10 : 0.0032
Sun 10 Dec 2023 02:19:01 INFO  epoch 7 training [time: 23.40s, train loss: 1500.0330]
Sun 10 Dec 2023 02:19:02 INFO  epoch 7 evaluating [time: 0.76s, valid_score: 0.011700]
Sun 10 Dec 2023 02:19:02 INFO  valid result: 
recall@10 : 0.0328    mrr@10 : 0.0117    ndcg@10 : 0.0165    hit@10 : 0.0328    precision@10 : 0.0033
Sun 10 Dec 2023 02:19:25 INFO  epoch 8 training [time: 23.40s, train loss: 1495.5474]
Sun 10 Dec 2023 02:19:26 INFO  epoch 8 evaluating [time: 0.75s, valid_score: 0.011900]
Sun 10 Dec 2023 02:19:26 INFO  valid result: 
recall@10 : 0.0347    mrr@10 : 0.0119    ndcg@10 : 0.0172    hit@10 : 0.0347    precision@10 : 0.0035
Sun 10 Dec 2023 02:19:49 INFO  epoch 9 training [time: 23.44s, train loss: 1490.6981]
Sun 10 Dec 2023 02:19:50 INFO  epoch 9 evaluating [time: 0.76s, valid_score: 0.013300]
Sun 10 Dec 2023 02:19:50 INFO  valid result: 
recall@10 : 0.0371    mrr@10 : 0.0133    ndcg@10 : 0.0188    hit@10 : 0.0371    precision@10 : 0.0037
Sun 10 Dec 2023 02:19:50 INFO  Saving current: saved/SASRec-Dec-10-2023_02-15-48.pth
Sun 10 Dec 2023 02:20:14 INFO  epoch 10 training [time: 23.47s, train loss: 1487.3077]
Sun 10 Dec 2023 02:20:14 INFO  epoch 10 evaluating [time: 0.78s, valid_score: 0.011500]
Sun 10 Dec 2023 02:20:14 INFO  valid result: 
recall@10 : 0.0326    mrr@10 : 0.0115    ndcg@10 : 0.0164    hit@10 : 0.0326    precision@10 : 0.0033
Sun 10 Dec 2023 02:20:38 INFO  epoch 11 training [time: 23.45s, train loss: 1484.3405]
Sun 10 Dec 2023 02:20:39 INFO  epoch 11 evaluating [time: 0.78s, valid_score: 0.012500]
Sun 10 Dec 2023 02:20:39 INFO  valid result: 
recall@10 : 0.0362    mrr@10 : 0.0125    ndcg@10 : 0.0179    hit@10 : 0.0362    precision@10 : 0.0036
Sun 10 Dec 2023 02:21:02 INFO  epoch 12 training [time: 23.52s, train loss: 1483.6441]
Sun 10 Dec 2023 02:21:03 INFO  epoch 12 evaluating [time: 0.79s, valid_score: 0.013600]
Sun 10 Dec 2023 02:21:03 INFO  valid result: 
recall@10 : 0.0367    mrr@10 : 0.0136    ndcg@10 : 0.0189    hit@10 : 0.0367    precision@10 : 0.0037
Sun 10 Dec 2023 02:21:03 INFO  Saving current: saved/SASRec-Dec-10-2023_02-15-48.pth
Sun 10 Dec 2023 02:21:26 INFO  epoch 13 training [time: 23.49s, train loss: 1480.0944]
Sun 10 Dec 2023 02:21:27 INFO  epoch 13 evaluating [time: 0.76s, valid_score: 0.011800]
Sun 10 Dec 2023 02:21:27 INFO  valid result: 
recall@10 : 0.0324    mrr@10 : 0.0118    ndcg@10 : 0.0165    hit@10 : 0.0324    precision@10 : 0.0032
Sun 10 Dec 2023 02:21:51 INFO  epoch 14 training [time: 23.45s, train loss: 1477.6264]
Sun 10 Dec 2023 02:21:51 INFO  epoch 14 evaluating [time: 0.78s, valid_score: 0.013100]
Sun 10 Dec 2023 02:21:51 INFO  valid result: 
recall@10 : 0.0373    mrr@10 : 0.0131    ndcg@10 : 0.0186    hit@10 : 0.0373    precision@10 : 0.0037
Sun 10 Dec 2023 02:22:15 INFO  epoch 15 training [time: 23.45s, train loss: 1475.8340]
Sun 10 Dec 2023 02:22:16 INFO  epoch 15 evaluating [time: 0.76s, valid_score: 0.013500]
Sun 10 Dec 2023 02:22:16 INFO  valid result: 
recall@10 : 0.0386    mrr@10 : 0.0135    ndcg@10 : 0.0192    hit@10 : 0.0386    precision@10 : 0.0039
Sun 10 Dec 2023 02:22:39 INFO  epoch 16 training [time: 23.41s, train loss: 1474.7433]
Sun 10 Dec 2023 02:22:40 INFO  epoch 16 evaluating [time: 0.78s, valid_score: 0.012100]
Sun 10 Dec 2023 02:22:40 INFO  valid result: 
recall@10 : 0.0348    mrr@10 : 0.0121    ndcg@10 : 0.0173    hit@10 : 0.0348    precision@10 : 0.0035
Sun 10 Dec 2023 02:23:03 INFO  epoch 17 training [time: 23.49s, train loss: 1473.0949]
Sun 10 Dec 2023 02:23:04 INFO  epoch 17 evaluating [time: 0.77s, valid_score: 0.013400]
Sun 10 Dec 2023 02:23:04 INFO  valid result: 
recall@10 : 0.0379    mrr@10 : 0.0134    ndcg@10 : 0.0191    hit@10 : 0.0379    precision@10 : 0.0038
Sun 10 Dec 2023 02:23:28 INFO  epoch 18 training [time: 23.44s, train loss: 1471.3109]
Sun 10 Dec 2023 02:23:28 INFO  epoch 18 evaluating [time: 0.77s, valid_score: 0.012400]
Sun 10 Dec 2023 02:23:28 INFO  valid result: 
recall@10 : 0.0363    mrr@10 : 0.0124    ndcg@10 : 0.0179    hit@10 : 0.0363    precision@10 : 0.0036
Sun 10 Dec 2023 02:23:52 INFO  epoch 19 training [time: 23.43s, train loss: 1470.5105]
Sun 10 Dec 2023 02:23:52 INFO  epoch 19 evaluating [time: 0.77s, valid_score: 0.012800]
Sun 10 Dec 2023 02:23:52 INFO  valid result: 
recall@10 : 0.036    mrr@10 : 0.0128    ndcg@10 : 0.0182    hit@10 : 0.036    precision@10 : 0.0036
Sun 10 Dec 2023 02:24:16 INFO  epoch 20 training [time: 23.44s, train loss: 1469.2668]
Sun 10 Dec 2023 02:24:17 INFO  epoch 20 evaluating [time: 0.77s, valid_score: 0.013600]
Sun 10 Dec 2023 02:24:17 INFO  valid result: 
recall@10 : 0.0379    mrr@10 : 0.0136    ndcg@10 : 0.0192    hit@10 : 0.0379    precision@10 : 0.0038
Sun 10 Dec 2023 02:24:17 INFO  Saving current: saved/SASRec-Dec-10-2023_02-15-48.pth
Sun 10 Dec 2023 02:24:40 INFO  epoch 21 training [time: 23.45s, train loss: 1468.5575]
Sun 10 Dec 2023 02:24:41 INFO  epoch 21 evaluating [time: 0.77s, valid_score: 0.013100]
Sun 10 Dec 2023 02:24:41 INFO  valid result: 
recall@10 : 0.0376    mrr@10 : 0.0131    ndcg@10 : 0.0187    hit@10 : 0.0376    precision@10 : 0.0038
Sun 10 Dec 2023 02:25:04 INFO  epoch 22 training [time: 23.43s, train loss: 1466.7037]
Sun 10 Dec 2023 02:25:05 INFO  epoch 22 evaluating [time: 0.76s, valid_score: 0.011900]
Sun 10 Dec 2023 02:25:05 INFO  valid result: 
recall@10 : 0.0359    mrr@10 : 0.0119    ndcg@10 : 0.0174    hit@10 : 0.0359    precision@10 : 0.0036
Sun 10 Dec 2023 02:25:29 INFO  epoch 23 training [time: 23.43s, train loss: 1465.6933]
Sun 10 Dec 2023 02:25:29 INFO  epoch 23 evaluating [time: 0.77s, valid_score: 0.013000]
Sun 10 Dec 2023 02:25:29 INFO  valid result: 
recall@10 : 0.0362    mrr@10 : 0.013    ndcg@10 : 0.0183    hit@10 : 0.0362    precision@10 : 0.0036
Sun 10 Dec 2023 02:25:53 INFO  epoch 24 training [time: 23.44s, train loss: 1465.2946]
Sun 10 Dec 2023 02:25:54 INFO  epoch 24 evaluating [time: 0.76s, valid_score: 0.012800]
Sun 10 Dec 2023 02:25:54 INFO  valid result: 
recall@10 : 0.0372    mrr@10 : 0.0128    ndcg@10 : 0.0184    hit@10 : 0.0372    precision@10 : 0.0037
Sun 10 Dec 2023 02:26:17 INFO  epoch 25 training [time: 23.44s, train loss: 1464.1506]
Sun 10 Dec 2023 02:26:18 INFO  epoch 25 evaluating [time: 0.77s, valid_score: 0.012500]
Sun 10 Dec 2023 02:26:18 INFO  valid result: 
recall@10 : 0.037    mrr@10 : 0.0125    ndcg@10 : 0.0182    hit@10 : 0.037    precision@10 : 0.0037
Sun 10 Dec 2023 02:26:41 INFO  epoch 26 training [time: 23.44s, train loss: 1462.9319]
Sun 10 Dec 2023 02:26:42 INFO  epoch 26 evaluating [time: 0.78s, valid_score: 0.013400]
Sun 10 Dec 2023 02:26:42 INFO  valid result: 
recall@10 : 0.0388    mrr@10 : 0.0134    ndcg@10 : 0.0192    hit@10 : 0.0388    precision@10 : 0.0039
Sun 10 Dec 2023 02:27:05 INFO  epoch 27 training [time: 23.43s, train loss: 1462.8584]
Sun 10 Dec 2023 02:27:06 INFO  epoch 27 evaluating [time: 0.78s, valid_score: 0.012600]
Sun 10 Dec 2023 02:27:06 INFO  valid result: 
recall@10 : 0.0364    mrr@10 : 0.0126    ndcg@10 : 0.0181    hit@10 : 0.0364    precision@10 : 0.0036
Sun 10 Dec 2023 02:27:30 INFO  epoch 28 training [time: 23.40s, train loss: 1461.4779]
Sun 10 Dec 2023 02:27:30 INFO  epoch 28 evaluating [time: 0.78s, valid_score: 0.012500]
Sun 10 Dec 2023 02:27:30 INFO  valid result: 
recall@10 : 0.0358    mrr@10 : 0.0125    ndcg@10 : 0.0179    hit@10 : 0.0358    precision@10 : 0.0036
Sun 10 Dec 2023 02:27:54 INFO  epoch 29 training [time: 23.45s, train loss: 1459.8231]
Sun 10 Dec 2023 02:27:55 INFO  epoch 29 evaluating [time: 0.75s, valid_score: 0.012500]
Sun 10 Dec 2023 02:27:55 INFO  valid result: 
recall@10 : 0.0389    mrr@10 : 0.0125    ndcg@10 : 0.0186    hit@10 : 0.0389    precision@10 : 0.0039
Sun 10 Dec 2023 02:28:18 INFO  epoch 30 training [time: 23.45s, train loss: 1460.0305]
Sun 10 Dec 2023 02:28:19 INFO  epoch 30 evaluating [time: 0.79s, valid_score: 0.013400]
Sun 10 Dec 2023 02:28:19 INFO  valid result: 
recall@10 : 0.0378    mrr@10 : 0.0134    ndcg@10 : 0.019    hit@10 : 0.0378    precision@10 : 0.0038
Sun 10 Dec 2023 02:28:45 INFO  epoch 31 training [time: 25.70s, train loss: 1459.7366]
Sun 10 Dec 2023 02:28:45 INFO  epoch 31 evaluating [time: 0.86s, valid_score: 0.014600]
Sun 10 Dec 2023 02:28:45 INFO  valid result: 
recall@10 : 0.0393    mrr@10 : 0.0146    ndcg@10 : 0.0202    hit@10 : 0.0393    precision@10 : 0.0039
Sun 10 Dec 2023 02:28:45 INFO  Saving current: saved/SASRec-Dec-10-2023_02-15-48.pth
Sun 10 Dec 2023 02:29:11 INFO  epoch 32 training [time: 25.73s, train loss: 1458.2140]
Sun 10 Dec 2023 02:29:12 INFO  epoch 32 evaluating [time: 0.84s, valid_score: 0.013400]
Sun 10 Dec 2023 02:29:12 INFO  valid result: 
recall@10 : 0.0381    mrr@10 : 0.0134    ndcg@10 : 0.0191    hit@10 : 0.0381    precision@10 : 0.0038
Sun 10 Dec 2023 02:29:37 INFO  epoch 33 training [time: 24.66s, train loss: 1457.1153]
Sun 10 Dec 2023 02:29:37 INFO  epoch 33 evaluating [time: 0.76s, valid_score: 0.012800]
Sun 10 Dec 2023 02:29:37 INFO  valid result: 
recall@10 : 0.0359    mrr@10 : 0.0128    ndcg@10 : 0.0181    hit@10 : 0.0359    precision@10 : 0.0036
Sun 10 Dec 2023 02:30:01 INFO  epoch 34 training [time: 23.97s, train loss: 1460.1643]
Sun 10 Dec 2023 02:30:02 INFO  epoch 34 evaluating [time: 0.79s, valid_score: 0.012700]
Sun 10 Dec 2023 02:30:02 INFO  valid result: 
recall@10 : 0.0353    mrr@10 : 0.0127    ndcg@10 : 0.0179    hit@10 : 0.0353    precision@10 : 0.0035
Sun 10 Dec 2023 02:30:26 INFO  epoch 35 training [time: 24.02s, train loss: 1456.2458]
Sun 10 Dec 2023 02:30:27 INFO  epoch 35 evaluating [time: 0.79s, valid_score: 0.012500]
Sun 10 Dec 2023 02:30:27 INFO  valid result: 
recall@10 : 0.0377    mrr@10 : 0.0125    ndcg@10 : 0.0183    hit@10 : 0.0377    precision@10 : 0.0038
Sun 10 Dec 2023 02:30:51 INFO  epoch 36 training [time: 23.52s, train loss: 1455.6669]
Sun 10 Dec 2023 02:30:51 INFO  epoch 36 evaluating [time: 0.78s, valid_score: 0.013000]
Sun 10 Dec 2023 02:30:51 INFO  valid result: 
recall@10 : 0.0374    mrr@10 : 0.013    ndcg@10 : 0.0186    hit@10 : 0.0374    precision@10 : 0.0037
Sun 10 Dec 2023 02:31:15 INFO  epoch 37 training [time: 23.50s, train loss: 1453.9935]
Sun 10 Dec 2023 02:31:16 INFO  epoch 37 evaluating [time: 0.78s, valid_score: 0.013300]
Sun 10 Dec 2023 02:31:16 INFO  valid result: 
recall@10 : 0.0371    mrr@10 : 0.0133    ndcg@10 : 0.0188    hit@10 : 0.0371    precision@10 : 0.0037
Sun 10 Dec 2023 02:31:39 INFO  epoch 38 training [time: 23.50s, train loss: 1453.3437]
Sun 10 Dec 2023 02:31:40 INFO  epoch 38 evaluating [time: 0.78s, valid_score: 0.012700]
Sun 10 Dec 2023 02:31:40 INFO  valid result: 
recall@10 : 0.0369    mrr@10 : 0.0127    ndcg@10 : 0.0182    hit@10 : 0.0369    precision@10 : 0.0037
Sun 10 Dec 2023 02:32:03 INFO  epoch 39 training [time: 23.50s, train loss: 1453.2074]
Sun 10 Dec 2023 02:32:04 INFO  epoch 39 evaluating [time: 0.76s, valid_score: 0.012800]
Sun 10 Dec 2023 02:32:04 INFO  valid result: 
recall@10 : 0.0385    mrr@10 : 0.0128    ndcg@10 : 0.0187    hit@10 : 0.0385    precision@10 : 0.0039
Sun 10 Dec 2023 02:32:28 INFO  epoch 40 training [time: 23.43s, train loss: 1452.0622]
Sun 10 Dec 2023 02:32:28 INFO  epoch 40 evaluating [time: 0.76s, valid_score: 0.014000]
Sun 10 Dec 2023 02:32:28 INFO  valid result: 
recall@10 : 0.0383    mrr@10 : 0.014    ndcg@10 : 0.0196    hit@10 : 0.0383    precision@10 : 0.0038
Sun 10 Dec 2023 02:32:52 INFO  epoch 41 training [time: 23.42s, train loss: 1451.3296]
Sun 10 Dec 2023 02:32:52 INFO  epoch 41 evaluating [time: 0.76s, valid_score: 0.013900]
Sun 10 Dec 2023 02:32:52 INFO  valid result: 
recall@10 : 0.04    mrr@10 : 0.0139    ndcg@10 : 0.0199    hit@10 : 0.04    precision@10 : 0.004
Sun 10 Dec 2023 02:33:16 INFO  epoch 42 training [time: 23.48s, train loss: 1450.5638]
Sun 10 Dec 2023 02:33:17 INFO  epoch 42 evaluating [time: 0.80s, valid_score: 0.013100]
Sun 10 Dec 2023 02:33:17 INFO  valid result: 
recall@10 : 0.0388    mrr@10 : 0.0131    ndcg@10 : 0.019    hit@10 : 0.0388    precision@10 : 0.0039
Sun 10 Dec 2023 02:33:17 INFO  Finished training, best eval result in epoch 31
Sun 10 Dec 2023 02:33:17 INFO  Loading model structure and parameters from saved/SASRec-Dec-10-2023_02-15-48.pth
Sun 10 Dec 2023 02:33:19 INFO  The running environment of this training is as follows:
+-------------+---------------+
| Environment |     Usage     |
+=============+===============+
| CPU         |    0.60 %     |
+-------------+---------------+
| GPU         | 1.74 G/3.81 G |
+-------------+---------------+
| Memory      | 3.46 G/7.62 G |
+-------------+---------------+
Sun 10 Dec 2023 02:33:19 INFO  best valid : OrderedDict([('recall@10', 0.0393), ('mrr@10', 0.0146), ('ndcg@10', 0.0202), ('hit@10', 0.0393), ('precision@10', 0.0039)])
Sun 10 Dec 2023 02:33:19 INFO  test result: OrderedDict([('recall@10', 0.0307), ('mrr@10', 0.0108), ('ndcg@10', 0.0154), ('hit@10', 0.0307), ('precision@10', 0.0031)])
