Sun 10 Dec 2023 03:20:35 INFO  ['main.py', '--config-file', 'sequential/SASRec.yaml']
Sun 10 Dec 2023 03:20:35 INFO  
General Hyper Parameters:
gpu_id = 0
use_gpu = True
seed = 2020
state = INFO
reproducibility = True
data_path = ./dataset/ml-1m
checkpoint_dir = saved
show_progress = True
save_dataset = False
dataset_save_path = None
save_dataloaders = False
dataloaders_save_path = None
log_wandb = False

Training Hyper Parameters:
epochs = 500
train_batch_size = 1024
learner = adam
learning_rate = 0.01
train_neg_sample_args = {'distribution': 'none', 'sample_num': 'none', 'alpha': 'none', 'dynamic': False, 'candidate_num': 0}
eval_step = 1
stopping_step = 10
clip_grad_norm = None
weight_decay = 0.0
loss_decimal_place = 4

Evaluation Hyper Parameters:
eval_args = {'split': {'RS': [0.8, 0.1, 0.1]}, 'order': 'TO', 'group_by': 'user', 'mode': {'valid': 'full', 'test': 'full'}, 'groupby': 'user'}
repeatable = True
metrics = ['Recall', 'MRR', 'NDCG', 'Hit', 'Precision']
topk = [10]
valid_metric = MRR@10
valid_metric_bigger = True
eval_batch_size = 2048
metric_decimal_place = 4

Dataset Hyper Parameters:
field_separator = 	
seq_separator =  
USER_ID_FIELD = user_id
ITEM_ID_FIELD = item_id
RATING_FIELD = rating
TIME_FIELD = timestamp
seq_len = None
LABEL_FIELD = label
threshold = None
NEG_PREFIX = neg_
load_col = {'inter': ['user_id', 'item_id', 'timestamp'], 'item': ['item_id', 'type']}
unload_col = None
unused_col = None
additional_feat_suffix = None
rm_dup_inter = None
val_interval = None
filter_inter_by_user_or_item = True
user_inter_num_interval = [10, inf)
item_inter_num_interval = [20, inf)
alias_of_user_id = None
alias_of_item_id = None
alias_of_entity_id = None
alias_of_relation_id = None
preload_weight = None
normalize_field = None
normalize_all = None
ITEM_LIST_LENGTH_FIELD = item_length
LIST_SUFFIX = _list
MAX_ITEM_LIST_LENGTH = 50
POSITION_FIELD = position_id
HEAD_ENTITY_ID_FIELD = head_id
TAIL_ENTITY_ID_FIELD = tail_id
RELATION_ID_FIELD = relation_id
ENTITY_ID_FIELD = entity_id
benchmark_filename = None

Other Hyper Parameters: 
worker = 0
wandb_project = recbole
shuffle = True
require_pow = False
enable_amp = False
enable_scaler = False
transform = None
n_layers = 2
n_heads = 4
hidden_size = 64
inner_size = 256
hidden_dropout_prob = 0.5
attn_dropout_prob = 0.5
hidden_act = gelu
layer_norm_eps = 1e-12
initializer_range = 0.02
loss_type = CE
numerical_features = []
discretization = None
kg_reverse_r = False
entity_kg_num_interval = [0,inf)
relation_kg_num_interval = [0,inf)
MODEL_TYPE = ModelType.SEQUENTIAL
embedding_size = 512
MODEL_INPUT_TYPE = InputType.POINTWISE
eval_type = EvaluatorType.RANKING
single_spec = True
local_rank = 0
device = cuda
valid_neg_sample_args = {'distribution': 'uniform', 'sample_num': 'none'}
test_neg_sample_args = {'distribution': 'uniform', 'sample_num': 'none'}


Sun 10 Dec 2023 03:20:36 INFO  ml-1m
The number of users: 609
Average actions of users: 111.6217105263158
The number of items: 1297
Average actions of items: 52.36574074074074
The number of inters: 67866
The sparsity of the dataset: 91.40798584076174%
Remain Fields: ['user_id', 'item_id', 'timestamp']
Sun 10 Dec 2023 03:20:37 INFO  [Training]: train_batch_size = [1024] train_neg_sample_args: [{'distribution': 'none', 'sample_num': 'none', 'alpha': 'none', 'dynamic': False, 'candidate_num': 0}]
Sun 10 Dec 2023 03:20:37 INFO  [Evaluation]: eval_batch_size = [2048] eval_args: [{'split': {'RS': [0.8, 0.1, 0.1]}, 'order': 'TO', 'group_by': 'user', 'mode': {'valid': 'full', 'test': 'full'}, 'groupby': 'user'}]
Sun 10 Dec 2023 03:20:38 INFO  SASRec(
  (item_embedding): Embedding(1297, 64, padding_idx=0)
  (position_embedding): Embedding(50, 64)
  (trm_encoder): TransformerEncoder(
    (layer): ModuleList(
      (0-1): 2 x TransformerLayer(
        (multi_head_attention): MultiHeadAttention(
          (query): Linear(in_features=64, out_features=64, bias=True)
          (key): Linear(in_features=64, out_features=64, bias=True)
          (value): Linear(in_features=64, out_features=64, bias=True)
          (softmax): Softmax(dim=-1)
          (attn_dropout): Dropout(p=0.5, inplace=False)
          (dense): Linear(in_features=64, out_features=64, bias=True)
          (LayerNorm): LayerNorm((64,), eps=1e-12, elementwise_affine=True)
          (out_dropout): Dropout(p=0.5, inplace=False)
        )
        (feed_forward): FeedForward(
          (dense_1): Linear(in_features=64, out_features=256, bias=True)
          (dense_2): Linear(in_features=256, out_features=64, bias=True)
          (LayerNorm): LayerNorm((64,), eps=1e-12, elementwise_affine=True)
          (dropout): Dropout(p=0.5, inplace=False)
        )
      )
    )
  )
  (LayerNorm): LayerNorm((64,), eps=1e-12, elementwise_affine=True)
  (dropout): Dropout(p=0.5, inplace=False)
  (loss_fct): CrossEntropyLoss()
)
Trainable parameters: 186304
Sun 10 Dec 2023 03:20:38 INFO  FLOPs: 5013264.0
Sun 10 Dec 2023 03:20:39 INFO  Time: 0.2085707187652588
Sun 10 Dec 2023 03:20:45 INFO  epoch 0 training [time: 6.08s, train loss: 362.0688]
Sun 10 Dec 2023 03:20:45 INFO  epoch 0 evaluating [time: 0.23s, valid_score: 0.018600]
Sun 10 Dec 2023 03:20:45 INFO  valid result: 
recall@10 : 0.0604    mrr@10 : 0.0186    ndcg@10 : 0.0281    hit@10 : 0.0604    precision@10 : 0.006
Sun 10 Dec 2023 03:20:45 INFO  Saving current: saved/SASRec-Dec-10-2023_03-20-38.pth
Sun 10 Dec 2023 03:20:51 INFO  epoch 1 training [time: 6.04s, train loss: 331.6051]
Sun 10 Dec 2023 03:20:51 INFO  epoch 1 evaluating [time: 0.23s, valid_score: 0.029700]
Sun 10 Dec 2023 03:20:51 INFO  valid result: 
recall@10 : 0.0929    mrr@10 : 0.0297    ndcg@10 : 0.0443    hit@10 : 0.0929    precision@10 : 0.0093
Sun 10 Dec 2023 03:20:51 INFO  Saving current: saved/SASRec-Dec-10-2023_03-20-38.pth
Sun 10 Dec 2023 03:20:57 INFO  epoch 2 training [time: 6.04s, train loss: 320.5085]
Sun 10 Dec 2023 03:20:57 INFO  epoch 2 evaluating [time: 0.23s, valid_score: 0.036500]
Sun 10 Dec 2023 03:20:57 INFO  valid result: 
recall@10 : 0.1141    mrr@10 : 0.0365    ndcg@10 : 0.0543    hit@10 : 0.1141    precision@10 : 0.0114
Sun 10 Dec 2023 03:20:57 INFO  Saving current: saved/SASRec-Dec-10-2023_03-20-38.pth
Sun 10 Dec 2023 03:21:04 INFO  epoch 3 training [time: 6.09s, train loss: 314.7058]
Sun 10 Dec 2023 03:21:04 INFO  epoch 3 evaluating [time: 0.24s, valid_score: 0.040600]
Sun 10 Dec 2023 03:21:04 INFO  valid result: 
recall@10 : 0.1235    mrr@10 : 0.0406    ndcg@10 : 0.0597    hit@10 : 0.1235    precision@10 : 0.0124
Sun 10 Dec 2023 03:21:04 INFO  Saving current: saved/SASRec-Dec-10-2023_03-20-38.pth
Sun 10 Dec 2023 03:21:10 INFO  epoch 4 training [time: 6.05s, train loss: 310.4563]
Sun 10 Dec 2023 03:21:10 INFO  epoch 4 evaluating [time: 0.23s, valid_score: 0.043200]
Sun 10 Dec 2023 03:21:10 INFO  valid result: 
recall@10 : 0.1291    mrr@10 : 0.0432    ndcg@10 : 0.063    hit@10 : 0.1291    precision@10 : 0.0129
Sun 10 Dec 2023 03:21:10 INFO  Saving current: saved/SASRec-Dec-10-2023_03-20-38.pth
Sun 10 Dec 2023 03:21:16 INFO  epoch 5 training [time: 6.15s, train loss: 308.1236]
Sun 10 Dec 2023 03:21:17 INFO  epoch 5 evaluating [time: 0.23s, valid_score: 0.044700]
Sun 10 Dec 2023 03:21:17 INFO  valid result: 
recall@10 : 0.1373    mrr@10 : 0.0447    ndcg@10 : 0.0661    hit@10 : 0.1373    precision@10 : 0.0137
Sun 10 Dec 2023 03:21:17 INFO  Saving current: saved/SASRec-Dec-10-2023_03-20-38.pth
Sun 10 Dec 2023 03:21:23 INFO  epoch 6 training [time: 6.08s, train loss: 306.0695]
Sun 10 Dec 2023 03:21:23 INFO  epoch 6 evaluating [time: 0.22s, valid_score: 0.046500]
Sun 10 Dec 2023 03:21:23 INFO  valid result: 
recall@10 : 0.1362    mrr@10 : 0.0465    ndcg@10 : 0.0673    hit@10 : 0.1362    precision@10 : 0.0136
Sun 10 Dec 2023 03:21:23 INFO  Saving current: saved/SASRec-Dec-10-2023_03-20-38.pth
Sun 10 Dec 2023 03:21:29 INFO  epoch 7 training [time: 5.96s, train loss: 303.1393]
Sun 10 Dec 2023 03:21:29 INFO  epoch 7 evaluating [time: 0.22s, valid_score: 0.046600]
Sun 10 Dec 2023 03:21:29 INFO  valid result: 
recall@10 : 0.137    mrr@10 : 0.0466    ndcg@10 : 0.0675    hit@10 : 0.137    precision@10 : 0.0137
Sun 10 Dec 2023 03:21:29 INFO  Saving current: saved/SASRec-Dec-10-2023_03-20-38.pth
Sun 10 Dec 2023 03:21:35 INFO  epoch 8 training [time: 5.95s, train loss: 302.2792]
Sun 10 Dec 2023 03:21:35 INFO  epoch 8 evaluating [time: 0.23s, valid_score: 0.049600]
Sun 10 Dec 2023 03:21:35 INFO  valid result: 
recall@10 : 0.1517    mrr@10 : 0.0496    ndcg@10 : 0.0731    hit@10 : 0.1517    precision@10 : 0.0152
Sun 10 Dec 2023 03:21:35 INFO  Saving current: saved/SASRec-Dec-10-2023_03-20-38.pth
Sun 10 Dec 2023 03:21:41 INFO  epoch 9 training [time: 5.95s, train loss: 300.3756]
Sun 10 Dec 2023 03:21:41 INFO  epoch 9 evaluating [time: 0.22s, valid_score: 0.049200]
Sun 10 Dec 2023 03:21:41 INFO  valid result: 
recall@10 : 0.1454    mrr@10 : 0.0492    ndcg@10 : 0.0714    hit@10 : 0.1454    precision@10 : 0.0145
Sun 10 Dec 2023 03:21:47 INFO  epoch 10 training [time: 5.95s, train loss: 299.5189]
Sun 10 Dec 2023 03:21:48 INFO  epoch 10 evaluating [time: 0.22s, valid_score: 0.049200]
Sun 10 Dec 2023 03:21:48 INFO  valid result: 
recall@10 : 0.1444    mrr@10 : 0.0492    ndcg@10 : 0.0713    hit@10 : 0.1444    precision@10 : 0.0144
