Sun 10 Dec 2023 01:11:01 INFO  ['main.py', '--config-file', 'sequential/SASRec.yaml']
Sun 10 Dec 2023 01:11:01 INFO  
General Hyper Parameters:
gpu_id = 0
use_gpu = True
seed = 2020
state = INFO
reproducibility = True
data_path = ./dataset/ml-1m
checkpoint_dir = saved
show_progress = True
save_dataset = False
dataset_save_path = None
save_dataloaders = False
dataloaders_save_path = None
log_wandb = False

Training Hyper Parameters:
epochs = 500
train_batch_size = 1024
learner = adam
learning_rate = 0.01
train_neg_sample_args = {'distribution': 'none', 'sample_num': 'none', 'alpha': 'none', 'dynamic': False, 'candidate_num': 0}
eval_step = 1
stopping_step = 10
clip_grad_norm = None
weight_decay = 0.0
loss_decimal_place = 4

Evaluation Hyper Parameters:
eval_args = {'split': {'LS': 'valid_and_test'}, 'order': 'TO', 'group_by': 'user', 'mode': {'valid': 'full', 'test': 'full'}, 'groupby': 'user'}
repeatable = True
metrics = ['Recall', 'MRR', 'NDCG', 'Hit', 'Precision']
topk = [10]
valid_metric = MRR@10
valid_metric_bigger = True
eval_batch_size = 2048
metric_decimal_place = 4

Dataset Hyper Parameters:
field_separator = 	
seq_separator =  
USER_ID_FIELD = user_id
ITEM_ID_FIELD = item_id
RATING_FIELD = rating
TIME_FIELD = timestamp
seq_len = None
LABEL_FIELD = label
threshold = None
NEG_PREFIX = neg_
load_col = {'inter': ['user_id', 'item_id', 'timestamp'], 'item': ['item_id', 'type']}
unload_col = None
unused_col = None
additional_feat_suffix = None
rm_dup_inter = None
val_interval = None
filter_inter_by_user_or_item = True
user_inter_num_interval = [10, inf)
item_inter_num_interval = [20, inf)
alias_of_user_id = None
alias_of_item_id = None
alias_of_entity_id = None
alias_of_relation_id = None
preload_weight = None
normalize_field = None
normalize_all = None
ITEM_LIST_LENGTH_FIELD = item_length
LIST_SUFFIX = _list
MAX_ITEM_LIST_LENGTH = 50
POSITION_FIELD = position_id
HEAD_ENTITY_ID_FIELD = head_id
TAIL_ENTITY_ID_FIELD = tail_id
RELATION_ID_FIELD = relation_id
ENTITY_ID_FIELD = entity_id
benchmark_filename = None

Other Hyper Parameters: 
worker = 0
wandb_project = recbole
shuffle = True
require_pow = False
enable_amp = False
enable_scaler = False
transform = None
n_layers = 2
n_heads = 2
hidden_size = 64
inner_size = 256
hidden_dropout_prob = 0.5
attn_dropout_prob = 0.5
hidden_act = gelu
layer_norm_eps = 1e-12
initializer_range = 0.02
loss_type = CE
numerical_features = []
discretization = None
kg_reverse_r = False
entity_kg_num_interval = [0,inf)
relation_kg_num_interval = [0,inf)
MODEL_TYPE = ModelType.SEQUENTIAL
embedding_size = 32
MODEL_INPUT_TYPE = InputType.POINTWISE
eval_type = EvaluatorType.RANKING
single_spec = True
local_rank = 0
device = cuda
valid_neg_sample_args = {'distribution': 'uniform', 'sample_num': 'none'}
test_neg_sample_args = {'distribution': 'uniform', 'sample_num': 'none'}


Sun 10 Dec 2023 01:11:02 INFO  ml-1m
The number of users: 609
Average actions of users: 111.6217105263158
The number of items: 1297
Average actions of items: 52.36574074074074
The number of inters: 67866
The sparsity of the dataset: 91.40798584076174%
Remain Fields: ['user_id', 'item_id', 'timestamp']
Sun 10 Dec 2023 01:11:03 INFO  [Training]: train_batch_size = [1024] train_neg_sample_args: [{'distribution': 'none', 'sample_num': 'none', 'alpha': 'none', 'dynamic': False, 'candidate_num': 0}]
Sun 10 Dec 2023 01:11:03 INFO  [Evaluation]: eval_batch_size = [2048] eval_args: [{'split': {'LS': 'valid_and_test'}, 'order': 'TO', 'group_by': 'user', 'mode': {'valid': 'full', 'test': 'full'}, 'groupby': 'user'}]
Sun 10 Dec 2023 01:11:03 INFO  SASRec(
  (item_embedding): Embedding(1297, 64, padding_idx=0)
  (position_embedding): Embedding(50, 64)
  (trm_encoder): TransformerEncoder(
    (layer): ModuleList(
      (0-1): 2 x TransformerLayer(
        (multi_head_attention): MultiHeadAttention(
          (query): Linear(in_features=64, out_features=64, bias=True)
          (key): Linear(in_features=64, out_features=64, bias=True)
          (value): Linear(in_features=64, out_features=64, bias=True)
          (softmax): Softmax(dim=-1)
          (attn_dropout): Dropout(p=0.5, inplace=False)
          (dense): Linear(in_features=64, out_features=64, bias=True)
          (LayerNorm): LayerNorm((64,), eps=1e-12, elementwise_affine=True)
          (out_dropout): Dropout(p=0.5, inplace=False)
        )
        (feed_forward): FeedForward(
          (dense_1): Linear(in_features=64, out_features=256, bias=True)
          (dense_2): Linear(in_features=256, out_features=64, bias=True)
          (LayerNorm): LayerNorm((64,), eps=1e-12, elementwise_affine=True)
          (dropout): Dropout(p=0.5, inplace=False)
        )
      )
    )
  )
  (LayerNorm): LayerNorm((64,), eps=1e-12, elementwise_affine=True)
  (dropout): Dropout(p=0.5, inplace=False)
  (loss_fct): CrossEntropyLoss()
)
Trainable parameters: 186304
Sun 10 Dec 2023 01:11:04 INFO  FLOPs: 4983464.0
Sun 10 Dec 2023 01:11:04 INFO  Time: 0.18290972709655762
Sun 10 Dec 2023 01:11:11 INFO  epoch 0 training [time: 6.50s, train loss: 434.7366]
Sun 10 Dec 2023 01:11:11 INFO  epoch 0 evaluating [time: 0.02s, valid_score: 0.026900]
Sun 10 Dec 2023 01:11:11 INFO  valid result: 
recall@10 : 0.0822    mrr@10 : 0.0269    ndcg@10 : 0.0396    hit@10 : 0.0822    precision@10 : 0.0082
Sun 10 Dec 2023 01:11:11 INFO  Saving current: saved/SASRec-Dec-10-2023_01-11-04.pth
Sun 10 Dec 2023 01:11:17 INFO  epoch 1 training [time: 6.49s, train loss: 399.7021]
Sun 10 Dec 2023 01:11:17 INFO  epoch 1 evaluating [time: 0.02s, valid_score: 0.040700]
Sun 10 Dec 2023 01:11:17 INFO  valid result: 
recall@10 : 0.1299    mrr@10 : 0.0407    ndcg@10 : 0.0613    hit@10 : 0.1299    precision@10 : 0.013
Sun 10 Dec 2023 01:11:17 INFO  Saving current: saved/SASRec-Dec-10-2023_01-11-04.pth
Sun 10 Dec 2023 01:11:24 INFO  epoch 2 training [time: 6.49s, train loss: 387.0741]
Sun 10 Dec 2023 01:11:24 INFO  epoch 2 evaluating [time: 0.02s, valid_score: 0.050600]
Sun 10 Dec 2023 01:11:24 INFO  valid result: 
recall@10 : 0.1579    mrr@10 : 0.0506    ndcg@10 : 0.0753    hit@10 : 0.1579    precision@10 : 0.0158
Sun 10 Dec 2023 01:11:24 INFO  Saving current: saved/SASRec-Dec-10-2023_01-11-04.pth
Sun 10 Dec 2023 01:11:30 INFO  epoch 3 training [time: 6.50s, train loss: 380.5838]
Sun 10 Dec 2023 01:11:30 INFO  epoch 3 evaluating [time: 0.02s, valid_score: 0.065100]
Sun 10 Dec 2023 01:11:30 INFO  valid result: 
recall@10 : 0.1628    mrr@10 : 0.0651    ndcg@10 : 0.0877    hit@10 : 0.1628    precision@10 : 0.0163
Sun 10 Dec 2023 01:11:30 INFO  Saving current: saved/SASRec-Dec-10-2023_01-11-04.pth
Sun 10 Dec 2023 01:11:37 INFO  epoch 4 training [time: 6.50s, train loss: 376.6856]
Sun 10 Dec 2023 01:11:37 INFO  epoch 4 evaluating [time: 0.02s, valid_score: 0.058000]
Sun 10 Dec 2023 01:11:37 INFO  valid result: 
recall@10 : 0.1694    mrr@10 : 0.058    ndcg@10 : 0.084    hit@10 : 0.1694    precision@10 : 0.0169
Sun 10 Dec 2023 01:11:43 INFO  epoch 5 training [time: 6.50s, train loss: 373.6013]
Sun 10 Dec 2023 01:11:43 INFO  epoch 5 evaluating [time: 0.02s, valid_score: 0.064900]
Sun 10 Dec 2023 01:11:43 INFO  valid result: 
recall@10 : 0.2072    mrr@10 : 0.0649    ndcg@10 : 0.0976    hit@10 : 0.2072    precision@10 : 0.0207
Sun 10 Dec 2023 01:11:50 INFO  epoch 6 training [time: 6.49s, train loss: 371.0854]
Sun 10 Dec 2023 01:11:50 INFO  epoch 6 evaluating [time: 0.02s, valid_score: 0.062900]
Sun 10 Dec 2023 01:11:50 INFO  valid result: 
recall@10 : 0.1842    mrr@10 : 0.0629    ndcg@10 : 0.0907    hit@10 : 0.1842    precision@10 : 0.0184
Sun 10 Dec 2023 01:11:56 INFO  epoch 7 training [time: 6.49s, train loss: 369.2236]
Sun 10 Dec 2023 01:11:56 INFO  epoch 7 evaluating [time: 0.02s, valid_score: 0.065400]
Sun 10 Dec 2023 01:11:56 INFO  valid result: 
recall@10 : 0.1924    mrr@10 : 0.0654    ndcg@10 : 0.0949    hit@10 : 0.1924    precision@10 : 0.0192
Sun 10 Dec 2023 01:11:56 INFO  Saving current: saved/SASRec-Dec-10-2023_01-11-04.pth
Sun 10 Dec 2023 01:12:03 INFO  epoch 8 training [time: 6.49s, train loss: 367.6425]
Sun 10 Dec 2023 01:12:03 INFO  epoch 8 evaluating [time: 0.02s, valid_score: 0.063500]
Sun 10 Dec 2023 01:12:03 INFO  valid result: 
recall@10 : 0.199    mrr@10 : 0.0635    ndcg@10 : 0.0947    hit@10 : 0.199    precision@10 : 0.0199
Sun 10 Dec 2023 01:12:09 INFO  epoch 9 training [time: 6.48s, train loss: 366.0639]
Sun 10 Dec 2023 01:12:09 INFO  epoch 9 evaluating [time: 0.02s, valid_score: 0.072600]
Sun 10 Dec 2023 01:12:09 INFO  valid result: 
recall@10 : 0.1974    mrr@10 : 0.0726    ndcg@10 : 0.1014    hit@10 : 0.1974    precision@10 : 0.0197
Sun 10 Dec 2023 01:12:09 INFO  Saving current: saved/SASRec-Dec-10-2023_01-11-04.pth
