Sun 10 Dec 2023 01:03:36 INFO  ['main.py', '--config-file', 'sequential/SASRec.yaml']
Sun 10 Dec 2023 01:03:36 INFO  
General Hyper Parameters:
gpu_id = 0
use_gpu = True
seed = 2020
state = INFO
reproducibility = True
data_path = ./dataset/ml-1m
checkpoint_dir = saved
show_progress = True
save_dataset = False
dataset_save_path = None
save_dataloaders = False
dataloaders_save_path = None
log_wandb = False

Training Hyper Parameters:
epochs = 500
train_batch_size = 1024
learner = adam
learning_rate = 0.001
train_neg_sample_args = {'distribution': 'none', 'sample_num': 'none', 'alpha': 'none', 'dynamic': False, 'candidate_num': 0}
eval_step = 1
stopping_step = 10
clip_grad_norm = None
weight_decay = 0.0
loss_decimal_place = 4

Evaluation Hyper Parameters:
eval_args = {'split': {'LS': 'valid_and_test'}, 'order': 'TO', 'group_by': 'user', 'mode': {'valid': 'full', 'test': 'full'}, 'groupby': 'user'}
repeatable = True
metrics = ['Recall', 'MRR', 'NDCG', 'Hit', 'Precision']
topk = [10]
valid_metric = MRR@10
valid_metric_bigger = True
eval_batch_size = 2048
metric_decimal_place = 4

Dataset Hyper Parameters:
field_separator = 	
seq_separator =  
USER_ID_FIELD = user_id
ITEM_ID_FIELD = item_id
RATING_FIELD = rating
TIME_FIELD = timestamp
seq_len = None
LABEL_FIELD = label
threshold = None
NEG_PREFIX = neg_
load_col = {'inter': ['user_id', 'item_id', 'timestamp'], 'item': ['item_id', 'type']}
unload_col = None
unused_col = None
additional_feat_suffix = None
rm_dup_inter = None
val_interval = None
filter_inter_by_user_or_item = True
user_inter_num_interval = [10, inf)
item_inter_num_interval = [20, inf)
alias_of_user_id = None
alias_of_item_id = None
alias_of_entity_id = None
alias_of_relation_id = None
preload_weight = None
normalize_field = None
normalize_all = None
ITEM_LIST_LENGTH_FIELD = item_length
LIST_SUFFIX = _list
MAX_ITEM_LIST_LENGTH = 50
POSITION_FIELD = position_id
HEAD_ENTITY_ID_FIELD = head_id
TAIL_ENTITY_ID_FIELD = tail_id
RELATION_ID_FIELD = relation_id
ENTITY_ID_FIELD = entity_id
benchmark_filename = None

Other Hyper Parameters: 
worker = 0
wandb_project = recbole
shuffle = True
require_pow = False
enable_amp = False
enable_scaler = False
transform = None
n_layers = 2
n_heads = 2
hidden_size = 64
inner_size = 256
hidden_dropout_prob = 0.5
attn_dropout_prob = 0.5
hidden_act = gelu
layer_norm_eps = 1e-12
initializer_range = 0.02
loss_type = CE
numerical_features = []
discretization = None
kg_reverse_r = False
entity_kg_num_interval = [0,inf)
relation_kg_num_interval = [0,inf)
MODEL_TYPE = ModelType.SEQUENTIAL
embedding_size = 64
MODEL_INPUT_TYPE = InputType.POINTWISE
eval_type = EvaluatorType.RANKING
single_spec = True
local_rank = 0
device = cuda
valid_neg_sample_args = {'distribution': 'uniform', 'sample_num': 'none'}
test_neg_sample_args = {'distribution': 'uniform', 'sample_num': 'none'}


Sun 10 Dec 2023 01:03:36 INFO  ml-1m
The number of users: 609
Average actions of users: 111.6217105263158
The number of items: 1297
Average actions of items: 52.36574074074074
The number of inters: 67866
The sparsity of the dataset: 91.40798584076174%
Remain Fields: ['user_id', 'item_id', 'timestamp']
Sun 10 Dec 2023 01:03:37 INFO  [Training]: train_batch_size = [1024] train_neg_sample_args: [{'distribution': 'none', 'sample_num': 'none', 'alpha': 'none', 'dynamic': False, 'candidate_num': 0}]
Sun 10 Dec 2023 01:03:37 INFO  [Evaluation]: eval_batch_size = [2048] eval_args: [{'split': {'LS': 'valid_and_test'}, 'order': 'TO', 'group_by': 'user', 'mode': {'valid': 'full', 'test': 'full'}, 'groupby': 'user'}]
Sun 10 Dec 2023 01:03:38 INFO  SASRec(
  (item_embedding): Embedding(1297, 64, padding_idx=0)
  (position_embedding): Embedding(50, 64)
  (trm_encoder): TransformerEncoder(
    (layer): ModuleList(
      (0-1): 2 x TransformerLayer(
        (multi_head_attention): MultiHeadAttention(
          (query): Linear(in_features=64, out_features=64, bias=True)
          (key): Linear(in_features=64, out_features=64, bias=True)
          (value): Linear(in_features=64, out_features=64, bias=True)
          (softmax): Softmax(dim=-1)
          (attn_dropout): Dropout(p=0.5, inplace=False)
          (dense): Linear(in_features=64, out_features=64, bias=True)
          (LayerNorm): LayerNorm((64,), eps=1e-12, elementwise_affine=True)
          (out_dropout): Dropout(p=0.5, inplace=False)
        )
        (feed_forward): FeedForward(
          (dense_1): Linear(in_features=64, out_features=256, bias=True)
          (dense_2): Linear(in_features=256, out_features=64, bias=True)
          (LayerNorm): LayerNorm((64,), eps=1e-12, elementwise_affine=True)
          (dropout): Dropout(p=0.5, inplace=False)
        )
      )
    )
  )
  (LayerNorm): LayerNorm((64,), eps=1e-12, elementwise_affine=True)
  (dropout): Dropout(p=0.5, inplace=False)
  (loss_fct): CrossEntropyLoss()
)
Trainable parameters: 186304
Sun 10 Dec 2023 01:03:39 INFO  FLOPs: 4983464.0
Sun 10 Dec 2023 01:03:39 INFO  Time: 0.21807384490966797
Sun 10 Dec 2023 01:03:47 INFO  epoch 0 training [time: 7.62s, train loss: 456.7192]
Sun 10 Dec 2023 01:03:47 INFO  epoch 0 evaluating [time: 0.04s, valid_score: 0.007400]
Sun 10 Dec 2023 01:03:47 INFO  valid result: 
recall@10 : 0.0329    mrr@10 : 0.0074    ndcg@10 : 0.0133    hit@10 : 0.0329    precision@10 : 0.0033
Sun 10 Dec 2023 01:03:47 INFO  Saving current: saved/SASRec-Dec-10-2023_01-03-39.pth
Sun 10 Dec 2023 01:03:55 INFO  epoch 1 training [time: 7.70s, train loss: 435.6207]
Sun 10 Dec 2023 01:03:55 INFO  epoch 1 evaluating [time: 0.02s, valid_score: 0.023800]
Sun 10 Dec 2023 01:03:55 INFO  valid result: 
recall@10 : 0.0674    mrr@10 : 0.0238    ndcg@10 : 0.034    hit@10 : 0.0674    precision@10 : 0.0067
Sun 10 Dec 2023 01:03:55 INFO  Saving current: saved/SASRec-Dec-10-2023_01-03-39.pth
Sun 10 Dec 2023 01:04:02 INFO  epoch 2 training [time: 7.56s, train loss: 410.4839]
Sun 10 Dec 2023 01:04:02 INFO  epoch 2 evaluating [time: 0.02s, valid_score: 0.032000]
Sun 10 Dec 2023 01:04:02 INFO  valid result: 
recall@10 : 0.1135    mrr@10 : 0.032    ndcg@10 : 0.0506    hit@10 : 0.1135    precision@10 : 0.0113
Sun 10 Dec 2023 01:04:02 INFO  Saving current: saved/SASRec-Dec-10-2023_01-03-39.pth
Sun 10 Dec 2023 01:04:10 INFO  epoch 3 training [time: 7.55s, train loss: 395.6135]
Sun 10 Dec 2023 01:04:10 INFO  epoch 3 evaluating [time: 0.03s, valid_score: 0.042100]
Sun 10 Dec 2023 01:04:10 INFO  valid result: 
recall@10 : 0.125    mrr@10 : 0.0421    ndcg@10 : 0.0614    hit@10 : 0.125    precision@10 : 0.0125
Sun 10 Dec 2023 01:04:10 INFO  Saving current: saved/SASRec-Dec-10-2023_01-03-39.pth
Sun 10 Dec 2023 01:04:18 INFO  epoch 4 training [time: 7.73s, train loss: 387.3073]
Sun 10 Dec 2023 01:04:18 INFO  epoch 4 evaluating [time: 0.02s, valid_score: 0.050900]
Sun 10 Dec 2023 01:04:18 INFO  valid result: 
recall@10 : 0.1414    mrr@10 : 0.0509    ndcg@10 : 0.0719    hit@10 : 0.1414    precision@10 : 0.0141
Sun 10 Dec 2023 01:04:18 INFO  Saving current: saved/SASRec-Dec-10-2023_01-03-39.pth
Sun 10 Dec 2023 01:04:25 INFO  epoch 5 training [time: 7.57s, train loss: 381.0223]
Sun 10 Dec 2023 01:04:25 INFO  epoch 5 evaluating [time: 0.03s, valid_score: 0.061900]
Sun 10 Dec 2023 01:04:25 INFO  valid result: 
recall@10 : 0.176    mrr@10 : 0.0619    ndcg@10 : 0.088    hit@10 : 0.176    precision@10 : 0.0176
Sun 10 Dec 2023 01:04:25 INFO  Saving current: saved/SASRec-Dec-10-2023_01-03-39.pth
Sun 10 Dec 2023 01:04:33 INFO  epoch 6 training [time: 7.58s, train loss: 376.2583]
Sun 10 Dec 2023 01:04:33 INFO  epoch 6 evaluating [time: 0.02s, valid_score: 0.065700]
Sun 10 Dec 2023 01:04:33 INFO  valid result: 
recall@10 : 0.1793    mrr@10 : 0.0657    ndcg@10 : 0.0918    hit@10 : 0.1793    precision@10 : 0.0179
Sun 10 Dec 2023 01:04:33 INFO  Saving current: saved/SASRec-Dec-10-2023_01-03-39.pth
Sun 10 Dec 2023 01:04:41 INFO  epoch 7 training [time: 7.60s, train loss: 372.8773]
Sun 10 Dec 2023 01:04:41 INFO  epoch 7 evaluating [time: 0.02s, valid_score: 0.066700]
Sun 10 Dec 2023 01:04:41 INFO  valid result: 
recall@10 : 0.1727    mrr@10 : 0.0667    ndcg@10 : 0.0912    hit@10 : 0.1727    precision@10 : 0.0173
Sun 10 Dec 2023 01:04:41 INFO  Saving current: saved/SASRec-Dec-10-2023_01-03-39.pth
Sun 10 Dec 2023 01:04:48 INFO  epoch 8 training [time: 7.67s, train loss: 369.6914]
Sun 10 Dec 2023 01:04:48 INFO  epoch 8 evaluating [time: 0.02s, valid_score: 0.070100]
Sun 10 Dec 2023 01:04:48 INFO  valid result: 
recall@10 : 0.1842    mrr@10 : 0.0701    ndcg@10 : 0.0965    hit@10 : 0.1842    precision@10 : 0.0184
Sun 10 Dec 2023 01:04:48 INFO  Saving current: saved/SASRec-Dec-10-2023_01-03-39.pth
Sun 10 Dec 2023 01:04:56 INFO  epoch 9 training [time: 7.66s, train loss: 367.4845]
Sun 10 Dec 2023 01:04:56 INFO  epoch 9 evaluating [time: 0.03s, valid_score: 0.072100]
Sun 10 Dec 2023 01:04:56 INFO  valid result: 
recall@10 : 0.1908    mrr@10 : 0.0721    ndcg@10 : 0.0994    hit@10 : 0.1908    precision@10 : 0.0191
Sun 10 Dec 2023 01:04:56 INFO  Saving current: saved/SASRec-Dec-10-2023_01-03-39.pth
Sun 10 Dec 2023 01:05:04 INFO  epoch 10 training [time: 7.59s, train loss: 365.4138]
Sun 10 Dec 2023 01:05:04 INFO  epoch 10 evaluating [time: 0.04s, valid_score: 0.067000]
Sun 10 Dec 2023 01:05:04 INFO  valid result: 
recall@10 : 0.1891    mrr@10 : 0.067    ndcg@10 : 0.0953    hit@10 : 0.1891    precision@10 : 0.0189
Sun 10 Dec 2023 01:05:11 INFO  epoch 11 training [time: 7.66s, train loss: 363.5142]
Sun 10 Dec 2023 01:05:11 INFO  epoch 11 evaluating [time: 0.04s, valid_score: 0.069000]
Sun 10 Dec 2023 01:05:11 INFO  valid result: 
recall@10 : 0.1941    mrr@10 : 0.069    ndcg@10 : 0.098    hit@10 : 0.1941    precision@10 : 0.0194
Sun 10 Dec 2023 01:05:19 INFO  epoch 12 training [time: 7.57s, train loss: 361.7593]
Sun 10 Dec 2023 01:05:19 INFO  epoch 12 evaluating [time: 0.02s, valid_score: 0.065400]
Sun 10 Dec 2023 01:05:19 INFO  valid result: 
recall@10 : 0.1875    mrr@10 : 0.0654    ndcg@10 : 0.0936    hit@10 : 0.1875    precision@10 : 0.0187
Sun 10 Dec 2023 01:05:27 INFO  epoch 13 training [time: 7.60s, train loss: 360.5143]
Sun 10 Dec 2023 01:05:27 INFO  epoch 13 evaluating [time: 0.02s, valid_score: 0.067000]
Sun 10 Dec 2023 01:05:27 INFO  valid result: 
recall@10 : 0.199    mrr@10 : 0.067    ndcg@10 : 0.0975    hit@10 : 0.199    precision@10 : 0.0199
Sun 10 Dec 2023 01:05:34 INFO  epoch 14 training [time: 7.86s, train loss: 359.1014]
Sun 10 Dec 2023 01:05:34 INFO  epoch 14 evaluating [time: 0.02s, valid_score: 0.066300]
Sun 10 Dec 2023 01:05:34 INFO  valid result: 
recall@10 : 0.1941    mrr@10 : 0.0663    ndcg@10 : 0.0959    hit@10 : 0.1941    precision@10 : 0.0194
Sun 10 Dec 2023 01:05:43 INFO  epoch 15 training [time: 8.43s, train loss: 358.1087]
Sun 10 Dec 2023 01:05:43 INFO  epoch 15 evaluating [time: 0.02s, valid_score: 0.067600]
Sun 10 Dec 2023 01:05:43 INFO  valid result: 
recall@10 : 0.2089    mrr@10 : 0.0676    ndcg@10 : 0.1001    hit@10 : 0.2089    precision@10 : 0.0209
Sun 10 Dec 2023 01:05:51 INFO  epoch 16 training [time: 8.49s, train loss: 356.9915]
Sun 10 Dec 2023 01:05:51 INFO  epoch 16 evaluating [time: 0.03s, valid_score: 0.075000]
Sun 10 Dec 2023 01:05:51 INFO  valid result: 
recall@10 : 0.2056    mrr@10 : 0.075    ndcg@10 : 0.1052    hit@10 : 0.2056    precision@10 : 0.0206
Sun 10 Dec 2023 01:05:51 INFO  Saving current: saved/SASRec-Dec-10-2023_01-03-39.pth
Sun 10 Dec 2023 01:05:59 INFO  epoch 17 training [time: 7.80s, train loss: 356.0924]
Sun 10 Dec 2023 01:05:59 INFO  epoch 17 evaluating [time: 0.04s, valid_score: 0.070800]
Sun 10 Dec 2023 01:05:59 INFO  valid result: 
recall@10 : 0.2072    mrr@10 : 0.0708    ndcg@10 : 0.1025    hit@10 : 0.2072    precision@10 : 0.0207
Sun 10 Dec 2023 01:06:07 INFO  epoch 18 training [time: 8.15s, train loss: 355.3267]
Sun 10 Dec 2023 01:06:07 INFO  epoch 18 evaluating [time: 0.02s, valid_score: 0.072300]
Sun 10 Dec 2023 01:06:07 INFO  valid result: 
recall@10 : 0.2056    mrr@10 : 0.0723    ndcg@10 : 0.1032    hit@10 : 0.2056    precision@10 : 0.0206
Sun 10 Dec 2023 01:06:16 INFO  epoch 19 training [time: 8.44s, train loss: 354.9354]
Sun 10 Dec 2023 01:06:16 INFO  epoch 19 evaluating [time: 0.03s, valid_score: 0.073900]
Sun 10 Dec 2023 01:06:16 INFO  valid result: 
recall@10 : 0.2105    mrr@10 : 0.0739    ndcg@10 : 0.1055    hit@10 : 0.2105    precision@10 : 0.0211
Sun 10 Dec 2023 01:06:24 INFO  epoch 20 training [time: 8.00s, train loss: 353.9106]
Sun 10 Dec 2023 01:06:24 INFO  epoch 20 evaluating [time: 0.03s, valid_score: 0.075200]
Sun 10 Dec 2023 01:06:24 INFO  valid result: 
recall@10 : 0.2056    mrr@10 : 0.0752    ndcg@10 : 0.1055    hit@10 : 0.2056    precision@10 : 0.0206
Sun 10 Dec 2023 01:06:24 INFO  Saving current: saved/SASRec-Dec-10-2023_01-03-39.pth
Sun 10 Dec 2023 01:06:32 INFO  epoch 21 training [time: 7.78s, train loss: 353.3090]
Sun 10 Dec 2023 01:06:32 INFO  epoch 21 evaluating [time: 0.02s, valid_score: 0.073700]
Sun 10 Dec 2023 01:06:32 INFO  valid result: 
recall@10 : 0.222    mrr@10 : 0.0737    ndcg@10 : 0.108    hit@10 : 0.222    precision@10 : 0.0222
Sun 10 Dec 2023 01:06:39 INFO  epoch 22 training [time: 7.65s, train loss: 352.4024]
Sun 10 Dec 2023 01:06:39 INFO  epoch 22 evaluating [time: 0.02s, valid_score: 0.073600]
Sun 10 Dec 2023 01:06:39 INFO  valid result: 
recall@10 : 0.2155    mrr@10 : 0.0736    ndcg@10 : 0.1065    hit@10 : 0.2155    precision@10 : 0.0215
Sun 10 Dec 2023 01:06:47 INFO  epoch 23 training [time: 7.62s, train loss: 352.2287]
Sun 10 Dec 2023 01:06:47 INFO  epoch 23 evaluating [time: 0.02s, valid_score: 0.071300]
Sun 10 Dec 2023 01:06:47 INFO  valid result: 
recall@10 : 0.2105    mrr@10 : 0.0713    ndcg@10 : 0.1039    hit@10 : 0.2105    precision@10 : 0.0211
Sun 10 Dec 2023 01:06:55 INFO  epoch 24 training [time: 7.84s, train loss: 351.4038]
Sun 10 Dec 2023 01:06:55 INFO  epoch 24 evaluating [time: 0.02s, valid_score: 0.073800]
Sun 10 Dec 2023 01:06:55 INFO  valid result: 
recall@10 : 0.2122    mrr@10 : 0.0738    ndcg@10 : 0.106    hit@10 : 0.2122    precision@10 : 0.0212
Sun 10 Dec 2023 01:07:03 INFO  epoch 25 training [time: 7.78s, train loss: 351.2337]
Sun 10 Dec 2023 01:07:03 INFO  epoch 25 evaluating [time: 0.02s, valid_score: 0.074800]
Sun 10 Dec 2023 01:07:03 INFO  valid result: 
recall@10 : 0.2138    mrr@10 : 0.0748    ndcg@10 : 0.1071    hit@10 : 0.2138    precision@10 : 0.0214
Sun 10 Dec 2023 01:07:11 INFO  epoch 26 training [time: 7.86s, train loss: 350.7399]
Sun 10 Dec 2023 01:07:11 INFO  epoch 26 evaluating [time: 0.03s, valid_score: 0.080700]
Sun 10 Dec 2023 01:07:11 INFO  valid result: 
recall@10 : 0.2253    mrr@10 : 0.0807    ndcg@10 : 0.1142    hit@10 : 0.2253    precision@10 : 0.0225
Sun 10 Dec 2023 01:07:11 INFO  Saving current: saved/SASRec-Dec-10-2023_01-03-39.pth
Sun 10 Dec 2023 01:07:18 INFO  epoch 27 training [time: 7.62s, train loss: 350.1551]
Sun 10 Dec 2023 01:07:18 INFO  epoch 27 evaluating [time: 0.02s, valid_score: 0.077400]
Sun 10 Dec 2023 01:07:18 INFO  valid result: 
recall@10 : 0.2155    mrr@10 : 0.0774    ndcg@10 : 0.1095    hit@10 : 0.2155    precision@10 : 0.0215
Sun 10 Dec 2023 01:07:27 INFO  epoch 28 training [time: 8.73s, train loss: 349.7227]
Sun 10 Dec 2023 01:07:27 INFO  epoch 28 evaluating [time: 0.03s, valid_score: 0.075300]
Sun 10 Dec 2023 01:07:27 INFO  valid result: 
recall@10 : 0.2171    mrr@10 : 0.0753    ndcg@10 : 0.1084    hit@10 : 0.2171    precision@10 : 0.0217
Sun 10 Dec 2023 01:07:35 INFO  epoch 29 training [time: 8.36s, train loss: 349.2987]
Sun 10 Dec 2023 01:07:35 INFO  epoch 29 evaluating [time: 0.03s, valid_score: 0.075900]
Sun 10 Dec 2023 01:07:35 INFO  valid result: 
recall@10 : 0.2138    mrr@10 : 0.0759    ndcg@10 : 0.1081    hit@10 : 0.2138    precision@10 : 0.0214
Sun 10 Dec 2023 01:07:44 INFO  epoch 30 training [time: 8.32s, train loss: 348.9101]
Sun 10 Dec 2023 01:07:44 INFO  epoch 30 evaluating [time: 0.02s, valid_score: 0.072900]
Sun 10 Dec 2023 01:07:44 INFO  valid result: 
recall@10 : 0.2089    mrr@10 : 0.0729    ndcg@10 : 0.1047    hit@10 : 0.2089    precision@10 : 0.0209
Sun 10 Dec 2023 01:07:52 INFO  epoch 31 training [time: 7.77s, train loss: 348.6208]
Sun 10 Dec 2023 01:07:52 INFO  epoch 31 evaluating [time: 0.03s, valid_score: 0.072100]
Sun 10 Dec 2023 01:07:52 INFO  valid result: 
recall@10 : 0.2171    mrr@10 : 0.0721    ndcg@10 : 0.106    hit@10 : 0.2171    precision@10 : 0.0217
Sun 10 Dec 2023 01:08:00 INFO  epoch 32 training [time: 8.63s, train loss: 348.4363]
Sun 10 Dec 2023 01:08:00 INFO  epoch 32 evaluating [time: 0.02s, valid_score: 0.071000]
Sun 10 Dec 2023 01:08:00 INFO  valid result: 
recall@10 : 0.2188    mrr@10 : 0.071    ndcg@10 : 0.1052    hit@10 : 0.2188    precision@10 : 0.0219
Sun 10 Dec 2023 01:08:09 INFO  epoch 33 training [time: 9.05s, train loss: 348.0999]
Sun 10 Dec 2023 01:08:09 INFO  epoch 33 evaluating [time: 0.03s, valid_score: 0.071300]
Sun 10 Dec 2023 01:08:09 INFO  valid result: 
recall@10 : 0.2072    mrr@10 : 0.0713    ndcg@10 : 0.103    hit@10 : 0.2072    precision@10 : 0.0207
Sun 10 Dec 2023 01:08:18 INFO  epoch 34 training [time: 8.83s, train loss: 347.5871]
Sun 10 Dec 2023 01:08:18 INFO  epoch 34 evaluating [time: 0.03s, valid_score: 0.072400]
Sun 10 Dec 2023 01:08:18 INFO  valid result: 
recall@10 : 0.2204    mrr@10 : 0.0724    ndcg@10 : 0.1068    hit@10 : 0.2204    precision@10 : 0.022
Sun 10 Dec 2023 01:08:27 INFO  epoch 35 training [time: 8.59s, train loss: 347.4726]
Sun 10 Dec 2023 01:08:27 INFO  epoch 35 evaluating [time: 0.02s, valid_score: 0.073100]
Sun 10 Dec 2023 01:08:27 INFO  valid result: 
recall@10 : 0.2089    mrr@10 : 0.0731    ndcg@10 : 0.105    hit@10 : 0.2089    precision@10 : 0.0209
Sun 10 Dec 2023 01:08:33 INFO  epoch 36 training [time: 6.57s, train loss: 346.9048]
Sun 10 Dec 2023 01:08:33 INFO  epoch 36 evaluating [time: 0.02s, valid_score: 0.076200]
Sun 10 Dec 2023 01:08:33 INFO  valid result: 
recall@10 : 0.2105    mrr@10 : 0.0762    ndcg@10 : 0.1076    hit@10 : 0.2105    precision@10 : 0.0211
